[2024-04-19T07:18:52.739+0000] {processor.py:161} INFO - Started process (PID=37) to work on /opt/airflow/dags/custom_operator/collect_data_fruits_operator.py
[2024-04-19T07:18:52.747+0000] {processor.py:830} INFO - Processing file /opt/airflow/dags/custom_operator/collect_data_fruits_operator.py for tasks to queue
[2024-04-19T07:18:52.759+0000] {logging_mixin.py:188} INFO - [2024-04-19T07:18:52.758+0000] {dagbag.py:540} INFO - Filling up the DagBag from /opt/airflow/dags/custom_operator/collect_data_fruits_operator.py
[2024-04-19T07:18:52.801+0000] {processor.py:842} WARNING - No viable dags retrieved from /opt/airflow/dags/custom_operator/collect_data_fruits_operator.py
[2024-04-19T07:18:52.840+0000] {processor.py:183} INFO - Processing /opt/airflow/dags/custom_operator/collect_data_fruits_operator.py took 0.132 seconds
[2024-04-19T07:19:26.402+0000] {processor.py:161} INFO - Started process (PID=49) to work on /opt/airflow/dags/custom_operator/collect_data_fruits_operator.py
[2024-04-19T07:19:26.414+0000] {processor.py:830} INFO - Processing file /opt/airflow/dags/custom_operator/collect_data_fruits_operator.py for tasks to queue
[2024-04-19T07:19:26.437+0000] {logging_mixin.py:188} INFO - [2024-04-19T07:19:26.431+0000] {dagbag.py:540} INFO - Filling up the DagBag from /opt/airflow/dags/custom_operator/collect_data_fruits_operator.py
[2024-04-19T07:19:26.473+0000] {processor.py:842} WARNING - No viable dags retrieved from /opt/airflow/dags/custom_operator/collect_data_fruits_operator.py
[2024-04-19T07:19:26.656+0000] {processor.py:183} INFO - Processing /opt/airflow/dags/custom_operator/collect_data_fruits_operator.py took 0.321 seconds
[2024-04-19T07:19:56.980+0000] {processor.py:161} INFO - Started process (PID=61) to work on /opt/airflow/dags/custom_operator/collect_data_fruits_operator.py
[2024-04-19T07:19:56.985+0000] {processor.py:830} INFO - Processing file /opt/airflow/dags/custom_operator/collect_data_fruits_operator.py for tasks to queue
[2024-04-19T07:19:58.146+0000] {logging_mixin.py:188} INFO - [2024-04-19T07:19:58.132+0000] {dagbag.py:540} INFO - Filling up the DagBag from /opt/airflow/dags/custom_operator/collect_data_fruits_operator.py
[2024-04-19T07:19:58.247+0000] {processor.py:842} WARNING - No viable dags retrieved from /opt/airflow/dags/custom_operator/collect_data_fruits_operator.py
[2024-04-19T07:19:58.656+0000] {processor.py:183} INFO - Processing /opt/airflow/dags/custom_operator/collect_data_fruits_operator.py took 1.734 seconds
[2024-04-19T07:21:52.885+0000] {processor.py:161} INFO - Started process (PID=31) to work on /opt/airflow/dags/custom_operator/collect_data_fruits_operator.py
[2024-04-19T07:21:52.887+0000] {processor.py:830} INFO - Processing file /opt/airflow/dags/custom_operator/collect_data_fruits_operator.py for tasks to queue
[2024-04-19T07:21:52.899+0000] {logging_mixin.py:188} INFO - [2024-04-19T07:21:52.896+0000] {dagbag.py:540} INFO - Filling up the DagBag from /opt/airflow/dags/custom_operator/collect_data_fruits_operator.py
[2024-04-19T07:21:52.944+0000] {processor.py:842} WARNING - No viable dags retrieved from /opt/airflow/dags/custom_operator/collect_data_fruits_operator.py
[2024-04-19T07:21:52.983+0000] {processor.py:183} INFO - Processing /opt/airflow/dags/custom_operator/collect_data_fruits_operator.py took 0.120 seconds
[2024-04-19T07:22:23.101+0000] {processor.py:161} INFO - Started process (PID=41) to work on /opt/airflow/dags/custom_operator/collect_data_fruits_operator.py
[2024-04-19T07:22:23.104+0000] {processor.py:830} INFO - Processing file /opt/airflow/dags/custom_operator/collect_data_fruits_operator.py for tasks to queue
[2024-04-19T07:22:23.113+0000] {logging_mixin.py:188} INFO - [2024-04-19T07:22:23.111+0000] {dagbag.py:540} INFO - Filling up the DagBag from /opt/airflow/dags/custom_operator/collect_data_fruits_operator.py
[2024-04-19T07:22:23.147+0000] {processor.py:842} WARNING - No viable dags retrieved from /opt/airflow/dags/custom_operator/collect_data_fruits_operator.py
[2024-04-19T07:22:23.190+0000] {processor.py:183} INFO - Processing /opt/airflow/dags/custom_operator/collect_data_fruits_operator.py took 0.112 seconds
[2024-04-19T07:22:53.863+0000] {processor.py:161} INFO - Started process (PID=55) to work on /opt/airflow/dags/custom_operator/collect_data_fruits_operator.py
[2024-04-19T07:22:53.871+0000] {processor.py:830} INFO - Processing file /opt/airflow/dags/custom_operator/collect_data_fruits_operator.py for tasks to queue
[2024-04-19T07:22:53.884+0000] {logging_mixin.py:188} INFO - [2024-04-19T07:22:53.879+0000] {dagbag.py:540} INFO - Filling up the DagBag from /opt/airflow/dags/custom_operator/collect_data_fruits_operator.py
[2024-04-19T07:22:53.966+0000] {processor.py:842} WARNING - No viable dags retrieved from /opt/airflow/dags/custom_operator/collect_data_fruits_operator.py
[2024-04-19T07:22:54.017+0000] {processor.py:183} INFO - Processing /opt/airflow/dags/custom_operator/collect_data_fruits_operator.py took 0.175 seconds
[2024-04-19T07:23:24.603+0000] {processor.py:161} INFO - Started process (PID=76) to work on /opt/airflow/dags/custom_operator/collect_data_fruits_operator.py
[2024-04-19T07:23:24.605+0000] {processor.py:830} INFO - Processing file /opt/airflow/dags/custom_operator/collect_data_fruits_operator.py for tasks to queue
[2024-04-19T07:23:24.609+0000] {logging_mixin.py:188} INFO - [2024-04-19T07:23:24.608+0000] {dagbag.py:540} INFO - Filling up the DagBag from /opt/airflow/dags/custom_operator/collect_data_fruits_operator.py
[2024-04-19T07:23:24.630+0000] {processor.py:842} WARNING - No viable dags retrieved from /opt/airflow/dags/custom_operator/collect_data_fruits_operator.py
[2024-04-19T07:23:24.653+0000] {processor.py:183} INFO - Processing /opt/airflow/dags/custom_operator/collect_data_fruits_operator.py took 0.057 seconds
[2024-04-19T07:23:54.792+0000] {processor.py:161} INFO - Started process (PID=88) to work on /opt/airflow/dags/custom_operator/collect_data_fruits_operator.py
[2024-04-19T07:23:54.794+0000] {processor.py:830} INFO - Processing file /opt/airflow/dags/custom_operator/collect_data_fruits_operator.py for tasks to queue
[2024-04-19T07:23:54.799+0000] {logging_mixin.py:188} INFO - [2024-04-19T07:23:54.798+0000] {dagbag.py:540} INFO - Filling up the DagBag from /opt/airflow/dags/custom_operator/collect_data_fruits_operator.py
[2024-04-19T07:23:54.826+0000] {processor.py:842} WARNING - No viable dags retrieved from /opt/airflow/dags/custom_operator/collect_data_fruits_operator.py
[2024-04-19T07:23:54.850+0000] {processor.py:183} INFO - Processing /opt/airflow/dags/custom_operator/collect_data_fruits_operator.py took 0.074 seconds
[2024-04-19T07:24:25.297+0000] {processor.py:161} INFO - Started process (PID=99) to work on /opt/airflow/dags/custom_operator/collect_data_fruits_operator.py
[2024-04-19T07:24:25.300+0000] {processor.py:830} INFO - Processing file /opt/airflow/dags/custom_operator/collect_data_fruits_operator.py for tasks to queue
[2024-04-19T07:24:25.310+0000] {logging_mixin.py:188} INFO - [2024-04-19T07:24:25.308+0000] {dagbag.py:540} INFO - Filling up the DagBag from /opt/airflow/dags/custom_operator/collect_data_fruits_operator.py
[2024-04-19T07:24:25.342+0000] {processor.py:842} WARNING - No viable dags retrieved from /opt/airflow/dags/custom_operator/collect_data_fruits_operator.py
[2024-04-19T07:24:25.386+0000] {processor.py:183} INFO - Processing /opt/airflow/dags/custom_operator/collect_data_fruits_operator.py took 0.110 seconds
[2024-04-19T07:24:56.094+0000] {processor.py:161} INFO - Started process (PID=110) to work on /opt/airflow/dags/custom_operator/collect_data_fruits_operator.py
[2024-04-19T07:24:56.096+0000] {processor.py:830} INFO - Processing file /opt/airflow/dags/custom_operator/collect_data_fruits_operator.py for tasks to queue
[2024-04-19T07:24:56.101+0000] {logging_mixin.py:188} INFO - [2024-04-19T07:24:56.101+0000] {dagbag.py:540} INFO - Filling up the DagBag from /opt/airflow/dags/custom_operator/collect_data_fruits_operator.py
[2024-04-19T07:24:56.123+0000] {processor.py:842} WARNING - No viable dags retrieved from /opt/airflow/dags/custom_operator/collect_data_fruits_operator.py
[2024-04-19T07:24:56.148+0000] {processor.py:183} INFO - Processing /opt/airflow/dags/custom_operator/collect_data_fruits_operator.py took 0.066 seconds
[2024-04-19T07:25:26.906+0000] {processor.py:161} INFO - Started process (PID=122) to work on /opt/airflow/dags/custom_operator/collect_data_fruits_operator.py
[2024-04-19T07:25:26.907+0000] {processor.py:830} INFO - Processing file /opt/airflow/dags/custom_operator/collect_data_fruits_operator.py for tasks to queue
[2024-04-19T07:25:26.909+0000] {logging_mixin.py:188} INFO - [2024-04-19T07:25:26.909+0000] {dagbag.py:540} INFO - Filling up the DagBag from /opt/airflow/dags/custom_operator/collect_data_fruits_operator.py
[2024-04-19T07:25:26.921+0000] {processor.py:842} WARNING - No viable dags retrieved from /opt/airflow/dags/custom_operator/collect_data_fruits_operator.py
[2024-04-19T07:25:26.936+0000] {processor.py:183} INFO - Processing /opt/airflow/dags/custom_operator/collect_data_fruits_operator.py took 0.043 seconds
[2024-04-19T07:25:57.045+0000] {processor.py:161} INFO - Started process (PID=134) to work on /opt/airflow/dags/custom_operator/collect_data_fruits_operator.py
[2024-04-19T07:25:57.047+0000] {processor.py:830} INFO - Processing file /opt/airflow/dags/custom_operator/collect_data_fruits_operator.py for tasks to queue
[2024-04-19T07:25:57.052+0000] {logging_mixin.py:188} INFO - [2024-04-19T07:25:57.051+0000] {dagbag.py:540} INFO - Filling up the DagBag from /opt/airflow/dags/custom_operator/collect_data_fruits_operator.py
[2024-04-19T07:25:57.068+0000] {processor.py:842} WARNING - No viable dags retrieved from /opt/airflow/dags/custom_operator/collect_data_fruits_operator.py
[2024-04-19T07:25:57.096+0000] {processor.py:183} INFO - Processing /opt/airflow/dags/custom_operator/collect_data_fruits_operator.py took 0.065 seconds
[2024-04-19T07:26:27.732+0000] {processor.py:161} INFO - Started process (PID=148) to work on /opt/airflow/dags/custom_operator/collect_data_fruits_operator.py
[2024-04-19T07:26:27.733+0000] {processor.py:830} INFO - Processing file /opt/airflow/dags/custom_operator/collect_data_fruits_operator.py for tasks to queue
[2024-04-19T07:26:27.736+0000] {logging_mixin.py:188} INFO - [2024-04-19T07:26:27.735+0000] {dagbag.py:540} INFO - Filling up the DagBag from /opt/airflow/dags/custom_operator/collect_data_fruits_operator.py
[2024-04-19T07:26:27.747+0000] {processor.py:842} WARNING - No viable dags retrieved from /opt/airflow/dags/custom_operator/collect_data_fruits_operator.py
[2024-04-19T07:26:27.759+0000] {processor.py:183} INFO - Processing /opt/airflow/dags/custom_operator/collect_data_fruits_operator.py took 0.033 seconds
[2024-04-19T07:26:58.063+0000] {processor.py:161} INFO - Started process (PID=160) to work on /opt/airflow/dags/custom_operator/collect_data_fruits_operator.py
[2024-04-19T07:26:58.064+0000] {processor.py:830} INFO - Processing file /opt/airflow/dags/custom_operator/collect_data_fruits_operator.py for tasks to queue
[2024-04-19T07:26:58.067+0000] {logging_mixin.py:188} INFO - [2024-04-19T07:26:58.066+0000] {dagbag.py:540} INFO - Filling up the DagBag from /opt/airflow/dags/custom_operator/collect_data_fruits_operator.py
[2024-04-19T07:26:58.086+0000] {processor.py:842} WARNING - No viable dags retrieved from /opt/airflow/dags/custom_operator/collect_data_fruits_operator.py
[2024-04-19T07:26:58.105+0000] {processor.py:183} INFO - Processing /opt/airflow/dags/custom_operator/collect_data_fruits_operator.py took 0.050 seconds
[2024-04-19T07:27:29.000+0000] {processor.py:161} INFO - Started process (PID=172) to work on /opt/airflow/dags/custom_operator/collect_data_fruits_operator.py
[2024-04-19T07:27:29.003+0000] {processor.py:830} INFO - Processing file /opt/airflow/dags/custom_operator/collect_data_fruits_operator.py for tasks to queue
[2024-04-19T07:27:29.012+0000] {logging_mixin.py:188} INFO - [2024-04-19T07:27:29.011+0000] {dagbag.py:540} INFO - Filling up the DagBag from /opt/airflow/dags/custom_operator/collect_data_fruits_operator.py
[2024-04-19T07:27:29.037+0000] {processor.py:842} WARNING - No viable dags retrieved from /opt/airflow/dags/custom_operator/collect_data_fruits_operator.py
[2024-04-19T07:27:29.079+0000] {processor.py:183} INFO - Processing /opt/airflow/dags/custom_operator/collect_data_fruits_operator.py took 0.109 seconds
[2024-04-19T07:27:59.160+0000] {processor.py:161} INFO - Started process (PID=184) to work on /opt/airflow/dags/custom_operator/collect_data_fruits_operator.py
[2024-04-19T07:27:59.161+0000] {processor.py:830} INFO - Processing file /opt/airflow/dags/custom_operator/collect_data_fruits_operator.py for tasks to queue
[2024-04-19T07:27:59.164+0000] {logging_mixin.py:188} INFO - [2024-04-19T07:27:59.163+0000] {dagbag.py:540} INFO - Filling up the DagBag from /opt/airflow/dags/custom_operator/collect_data_fruits_operator.py
[2024-04-19T07:27:59.181+0000] {processor.py:842} WARNING - No viable dags retrieved from /opt/airflow/dags/custom_operator/collect_data_fruits_operator.py
[2024-04-19T07:27:59.201+0000] {processor.py:183} INFO - Processing /opt/airflow/dags/custom_operator/collect_data_fruits_operator.py took 0.050 seconds
[2024-04-19T07:28:30.136+0000] {processor.py:161} INFO - Started process (PID=196) to work on /opt/airflow/dags/custom_operator/collect_data_fruits_operator.py
[2024-04-19T07:28:30.137+0000] {processor.py:830} INFO - Processing file /opt/airflow/dags/custom_operator/collect_data_fruits_operator.py for tasks to queue
[2024-04-19T07:28:30.139+0000] {logging_mixin.py:188} INFO - [2024-04-19T07:28:30.138+0000] {dagbag.py:540} INFO - Filling up the DagBag from /opt/airflow/dags/custom_operator/collect_data_fruits_operator.py
[2024-04-19T07:28:30.149+0000] {processor.py:842} WARNING - No viable dags retrieved from /opt/airflow/dags/custom_operator/collect_data_fruits_operator.py
[2024-04-19T07:28:30.164+0000] {processor.py:183} INFO - Processing /opt/airflow/dags/custom_operator/collect_data_fruits_operator.py took 0.034 seconds
[2024-04-19T07:29:00.938+0000] {processor.py:161} INFO - Started process (PID=208) to work on /opt/airflow/dags/custom_operator/collect_data_fruits_operator.py
[2024-04-19T07:29:00.940+0000] {processor.py:830} INFO - Processing file /opt/airflow/dags/custom_operator/collect_data_fruits_operator.py for tasks to queue
[2024-04-19T07:29:00.944+0000] {logging_mixin.py:188} INFO - [2024-04-19T07:29:00.943+0000] {dagbag.py:540} INFO - Filling up the DagBag from /opt/airflow/dags/custom_operator/collect_data_fruits_operator.py
[2024-04-19T07:29:00.961+0000] {processor.py:842} WARNING - No viable dags retrieved from /opt/airflow/dags/custom_operator/collect_data_fruits_operator.py
[2024-04-19T07:29:00.982+0000] {processor.py:183} INFO - Processing /opt/airflow/dags/custom_operator/collect_data_fruits_operator.py took 0.054 seconds
[2024-04-19T07:29:31.247+0000] {processor.py:161} INFO - Started process (PID=220) to work on /opt/airflow/dags/custom_operator/collect_data_fruits_operator.py
[2024-04-19T07:29:31.248+0000] {processor.py:830} INFO - Processing file /opt/airflow/dags/custom_operator/collect_data_fruits_operator.py for tasks to queue
[2024-04-19T07:29:31.250+0000] {logging_mixin.py:188} INFO - [2024-04-19T07:29:31.250+0000] {dagbag.py:540} INFO - Filling up the DagBag from /opt/airflow/dags/custom_operator/collect_data_fruits_operator.py
[2024-04-19T07:29:31.265+0000] {processor.py:842} WARNING - No viable dags retrieved from /opt/airflow/dags/custom_operator/collect_data_fruits_operator.py
[2024-04-19T07:29:31.282+0000] {processor.py:183} INFO - Processing /opt/airflow/dags/custom_operator/collect_data_fruits_operator.py took 0.044 seconds
[2024-04-19T07:38:28.972+0000] {processor.py:161} INFO - Started process (PID=31) to work on /opt/airflow/dags/custom_operator/collect_data_fruits_operator.py
[2024-04-19T07:38:28.976+0000] {processor.py:830} INFO - Processing file /opt/airflow/dags/custom_operator/collect_data_fruits_operator.py for tasks to queue
[2024-04-19T07:38:28.982+0000] {logging_mixin.py:188} INFO - [2024-04-19T07:38:28.980+0000] {dagbag.py:540} INFO - Filling up the DagBag from /opt/airflow/dags/custom_operator/collect_data_fruits_operator.py
[2024-04-19T07:38:29.000+0000] {processor.py:842} WARNING - No viable dags retrieved from /opt/airflow/dags/custom_operator/collect_data_fruits_operator.py
[2024-04-19T07:38:29.031+0000] {processor.py:183} INFO - Processing /opt/airflow/dags/custom_operator/collect_data_fruits_operator.py took 0.073 seconds
[2024-04-19T07:41:17.584+0000] {processor.py:161} INFO - Started process (PID=31) to work on /opt/airflow/dags/custom_operator/collect_data_fruits_operator.py
[2024-04-19T07:41:17.586+0000] {processor.py:830} INFO - Processing file /opt/airflow/dags/custom_operator/collect_data_fruits_operator.py for tasks to queue
[2024-04-19T07:41:17.593+0000] {logging_mixin.py:188} INFO - [2024-04-19T07:41:17.592+0000] {dagbag.py:540} INFO - Filling up the DagBag from /opt/airflow/dags/custom_operator/collect_data_fruits_operator.py
[2024-04-19T07:41:17.618+0000] {processor.py:842} WARNING - No viable dags retrieved from /opt/airflow/dags/custom_operator/collect_data_fruits_operator.py
[2024-04-19T07:41:17.654+0000] {processor.py:183} INFO - Processing /opt/airflow/dags/custom_operator/collect_data_fruits_operator.py took 0.088 seconds
[2024-04-19T07:41:48.697+0000] {processor.py:161} INFO - Started process (PID=42) to work on /opt/airflow/dags/custom_operator/collect_data_fruits_operator.py
[2024-04-19T07:41:48.708+0000] {processor.py:830} INFO - Processing file /opt/airflow/dags/custom_operator/collect_data_fruits_operator.py for tasks to queue
[2024-04-19T07:41:48.746+0000] {logging_mixin.py:188} INFO - [2024-04-19T07:41:48.743+0000] {dagbag.py:540} INFO - Filling up the DagBag from /opt/airflow/dags/custom_operator/collect_data_fruits_operator.py
[2024-04-19T07:41:48.841+0000] {processor.py:842} WARNING - No viable dags retrieved from /opt/airflow/dags/custom_operator/collect_data_fruits_operator.py
[2024-04-19T07:41:48.961+0000] {processor.py:183} INFO - Processing /opt/airflow/dags/custom_operator/collect_data_fruits_operator.py took 0.346 seconds
[2024-04-19T07:42:21.018+0000] {processor.py:161} INFO - Started process (PID=54) to work on /opt/airflow/dags/custom_operator/collect_data_fruits_operator.py
[2024-04-19T07:42:24.641+0000] {processor.py:830} INFO - Processing file /opt/airflow/dags/custom_operator/collect_data_fruits_operator.py for tasks to queue
[2024-04-19T07:42:24.689+0000] {logging_mixin.py:188} INFO - [2024-04-19T07:42:24.666+0000] {dagbag.py:540} INFO - Filling up the DagBag from /opt/airflow/dags/custom_operator/collect_data_fruits_operator.py
[2024-04-19T07:42:24.769+0000] {processor.py:842} WARNING - No viable dags retrieved from /opt/airflow/dags/custom_operator/collect_data_fruits_operator.py
[2024-04-19T07:42:24.820+0000] {processor.py:183} INFO - Processing /opt/airflow/dags/custom_operator/collect_data_fruits_operator.py took 4.054 seconds
[2024-04-19T07:42:58.774+0000] {processor.py:161} INFO - Started process (PID=65) to work on /opt/airflow/dags/custom_operator/collect_data_fruits_operator.py
[2024-04-19T07:42:58.786+0000] {processor.py:830} INFO - Processing file /opt/airflow/dags/custom_operator/collect_data_fruits_operator.py for tasks to queue
[2024-04-19T07:42:58.848+0000] {logging_mixin.py:188} INFO - [2024-04-19T07:42:58.822+0000] {dagbag.py:540} INFO - Filling up the DagBag from /opt/airflow/dags/custom_operator/collect_data_fruits_operator.py
[2024-04-19T07:42:58.912+0000] {processor.py:842} WARNING - No viable dags retrieved from /opt/airflow/dags/custom_operator/collect_data_fruits_operator.py
[2024-04-19T07:42:59.123+0000] {processor.py:183} INFO - Processing /opt/airflow/dags/custom_operator/collect_data_fruits_operator.py took 0.618 seconds
[2024-04-19T07:43:29.510+0000] {processor.py:161} INFO - Started process (PID=82) to work on /opt/airflow/dags/custom_operator/collect_data_fruits_operator.py
[2024-04-19T07:43:29.512+0000] {processor.py:830} INFO - Processing file /opt/airflow/dags/custom_operator/collect_data_fruits_operator.py for tasks to queue
[2024-04-19T07:43:29.515+0000] {logging_mixin.py:188} INFO - [2024-04-19T07:43:29.515+0000] {dagbag.py:540} INFO - Filling up the DagBag from /opt/airflow/dags/custom_operator/collect_data_fruits_operator.py
[2024-04-19T07:43:29.544+0000] {processor.py:842} WARNING - No viable dags retrieved from /opt/airflow/dags/custom_operator/collect_data_fruits_operator.py
[2024-04-19T07:43:29.576+0000] {processor.py:183} INFO - Processing /opt/airflow/dags/custom_operator/collect_data_fruits_operator.py took 0.082 seconds
[2024-04-19T07:43:59.704+0000] {processor.py:161} INFO - Started process (PID=94) to work on /opt/airflow/dags/custom_operator/collect_data_fruits_operator.py
[2024-04-19T07:43:59.709+0000] {processor.py:830} INFO - Processing file /opt/airflow/dags/custom_operator/collect_data_fruits_operator.py for tasks to queue
[2024-04-19T07:43:59.714+0000] {logging_mixin.py:188} INFO - [2024-04-19T07:43:59.713+0000] {dagbag.py:540} INFO - Filling up the DagBag from /opt/airflow/dags/custom_operator/collect_data_fruits_operator.py
[2024-04-19T07:43:59.735+0000] {processor.py:842} WARNING - No viable dags retrieved from /opt/airflow/dags/custom_operator/collect_data_fruits_operator.py
[2024-04-19T07:43:59.765+0000] {processor.py:183} INFO - Processing /opt/airflow/dags/custom_operator/collect_data_fruits_operator.py took 0.071 seconds
[2024-04-19T07:44:30.023+0000] {processor.py:161} INFO - Started process (PID=107) to work on /opt/airflow/dags/custom_operator/collect_data_fruits_operator.py
[2024-04-19T07:44:30.028+0000] {processor.py:830} INFO - Processing file /opt/airflow/dags/custom_operator/collect_data_fruits_operator.py for tasks to queue
[2024-04-19T07:44:30.033+0000] {logging_mixin.py:188} INFO - [2024-04-19T07:44:30.032+0000] {dagbag.py:540} INFO - Filling up the DagBag from /opt/airflow/dags/custom_operator/collect_data_fruits_operator.py
[2024-04-19T07:44:30.062+0000] {processor.py:842} WARNING - No viable dags retrieved from /opt/airflow/dags/custom_operator/collect_data_fruits_operator.py
[2024-04-19T07:44:30.101+0000] {processor.py:183} INFO - Processing /opt/airflow/dags/custom_operator/collect_data_fruits_operator.py took 0.092 seconds
[2024-04-19T07:45:00.704+0000] {processor.py:161} INFO - Started process (PID=119) to work on /opt/airflow/dags/custom_operator/collect_data_fruits_operator.py
[2024-04-19T07:45:00.706+0000] {processor.py:830} INFO - Processing file /opt/airflow/dags/custom_operator/collect_data_fruits_operator.py for tasks to queue
[2024-04-19T07:45:00.708+0000] {logging_mixin.py:188} INFO - [2024-04-19T07:45:00.707+0000] {dagbag.py:540} INFO - Filling up the DagBag from /opt/airflow/dags/custom_operator/collect_data_fruits_operator.py
[2024-04-19T07:45:00.724+0000] {processor.py:842} WARNING - No viable dags retrieved from /opt/airflow/dags/custom_operator/collect_data_fruits_operator.py
[2024-04-19T07:45:00.747+0000] {processor.py:183} INFO - Processing /opt/airflow/dags/custom_operator/collect_data_fruits_operator.py took 0.052 seconds
[2024-04-19T07:45:34.610+0000] {processor.py:161} INFO - Started process (PID=125) to work on /opt/airflow/dags/custom_operator/collect_data_fruits_operator.py
[2024-04-19T07:45:34.620+0000] {processor.py:830} INFO - Processing file /opt/airflow/dags/custom_operator/collect_data_fruits_operator.py for tasks to queue
[2024-04-19T07:45:34.639+0000] {logging_mixin.py:188} INFO - [2024-04-19T07:45:34.637+0000] {dagbag.py:540} INFO - Filling up the DagBag from /opt/airflow/dags/custom_operator/collect_data_fruits_operator.py
[2024-04-19T07:45:34.705+0000] {processor.py:842} WARNING - No viable dags retrieved from /opt/airflow/dags/custom_operator/collect_data_fruits_operator.py
[2024-04-19T07:45:35.346+0000] {processor.py:183} INFO - Processing /opt/airflow/dags/custom_operator/collect_data_fruits_operator.py took 0.828 seconds
[2024-04-19T07:46:05.494+0000] {processor.py:161} INFO - Started process (PID=135) to work on /opt/airflow/dags/custom_operator/collect_data_fruits_operator.py
[2024-04-19T07:46:05.496+0000] {processor.py:830} INFO - Processing file /opt/airflow/dags/custom_operator/collect_data_fruits_operator.py for tasks to queue
[2024-04-19T07:46:05.505+0000] {logging_mixin.py:188} INFO - [2024-04-19T07:46:05.504+0000] {dagbag.py:540} INFO - Filling up the DagBag from /opt/airflow/dags/custom_operator/collect_data_fruits_operator.py
[2024-04-19T07:46:05.528+0000] {processor.py:842} WARNING - No viable dags retrieved from /opt/airflow/dags/custom_operator/collect_data_fruits_operator.py
[2024-04-19T07:46:05.572+0000] {processor.py:183} INFO - Processing /opt/airflow/dags/custom_operator/collect_data_fruits_operator.py took 0.097 seconds
[2024-04-19T07:46:36.054+0000] {processor.py:161} INFO - Started process (PID=147) to work on /opt/airflow/dags/custom_operator/collect_data_fruits_operator.py
[2024-04-19T07:46:36.055+0000] {processor.py:830} INFO - Processing file /opt/airflow/dags/custom_operator/collect_data_fruits_operator.py for tasks to queue
[2024-04-19T07:46:36.057+0000] {logging_mixin.py:188} INFO - [2024-04-19T07:46:36.057+0000] {dagbag.py:540} INFO - Filling up the DagBag from /opt/airflow/dags/custom_operator/collect_data_fruits_operator.py
[2024-04-19T07:46:36.068+0000] {processor.py:842} WARNING - No viable dags retrieved from /opt/airflow/dags/custom_operator/collect_data_fruits_operator.py
[2024-04-19T07:46:36.082+0000] {processor.py:183} INFO - Processing /opt/airflow/dags/custom_operator/collect_data_fruits_operator.py took 0.034 seconds
[2024-04-19T07:47:06.644+0000] {processor.py:161} INFO - Started process (PID=165) to work on /opt/airflow/dags/custom_operator/collect_data_fruits_operator.py
[2024-04-19T07:47:06.645+0000] {processor.py:830} INFO - Processing file /opt/airflow/dags/custom_operator/collect_data_fruits_operator.py for tasks to queue
[2024-04-19T07:47:06.648+0000] {logging_mixin.py:188} INFO - [2024-04-19T07:47:06.647+0000] {dagbag.py:540} INFO - Filling up the DagBag from /opt/airflow/dags/custom_operator/collect_data_fruits_operator.py
[2024-04-19T07:47:06.661+0000] {processor.py:842} WARNING - No viable dags retrieved from /opt/airflow/dags/custom_operator/collect_data_fruits_operator.py
[2024-04-19T07:47:06.682+0000] {processor.py:183} INFO - Processing /opt/airflow/dags/custom_operator/collect_data_fruits_operator.py took 0.045 seconds
[2024-04-19T07:47:37.233+0000] {processor.py:161} INFO - Started process (PID=177) to work on /opt/airflow/dags/custom_operator/collect_data_fruits_operator.py
[2024-04-19T07:47:37.236+0000] {processor.py:830} INFO - Processing file /opt/airflow/dags/custom_operator/collect_data_fruits_operator.py for tasks to queue
[2024-04-19T07:47:37.239+0000] {logging_mixin.py:188} INFO - [2024-04-19T07:47:37.239+0000] {dagbag.py:540} INFO - Filling up the DagBag from /opt/airflow/dags/custom_operator/collect_data_fruits_operator.py
[2024-04-19T07:47:37.254+0000] {processor.py:842} WARNING - No viable dags retrieved from /opt/airflow/dags/custom_operator/collect_data_fruits_operator.py
[2024-04-19T07:47:37.272+0000] {processor.py:183} INFO - Processing /opt/airflow/dags/custom_operator/collect_data_fruits_operator.py took 0.049 seconds
[2024-04-19T07:48:07.992+0000] {processor.py:161} INFO - Started process (PID=189) to work on /opt/airflow/dags/custom_operator/collect_data_fruits_operator.py
[2024-04-19T07:48:07.993+0000] {processor.py:830} INFO - Processing file /opt/airflow/dags/custom_operator/collect_data_fruits_operator.py for tasks to queue
[2024-04-19T07:48:07.995+0000] {logging_mixin.py:188} INFO - [2024-04-19T07:48:07.995+0000] {dagbag.py:540} INFO - Filling up the DagBag from /opt/airflow/dags/custom_operator/collect_data_fruits_operator.py
[2024-04-19T07:48:08.011+0000] {processor.py:842} WARNING - No viable dags retrieved from /opt/airflow/dags/custom_operator/collect_data_fruits_operator.py
[2024-04-19T07:48:08.025+0000] {processor.py:183} INFO - Processing /opt/airflow/dags/custom_operator/collect_data_fruits_operator.py took 0.041 seconds
[2024-04-19T07:48:40.072+0000] {processor.py:161} INFO - Started process (PID=201) to work on /opt/airflow/dags/custom_operator/collect_data_fruits_operator.py
[2024-04-19T07:48:40.105+0000] {processor.py:830} INFO - Processing file /opt/airflow/dags/custom_operator/collect_data_fruits_operator.py for tasks to queue
[2024-04-19T07:48:40.281+0000] {logging_mixin.py:188} INFO - [2024-04-19T07:48:40.258+0000] {dagbag.py:540} INFO - Filling up the DagBag from /opt/airflow/dags/custom_operator/collect_data_fruits_operator.py
[2024-04-19T07:48:40.583+0000] {processor.py:842} WARNING - No viable dags retrieved from /opt/airflow/dags/custom_operator/collect_data_fruits_operator.py
[2024-04-19T07:48:41.089+0000] {processor.py:183} INFO - Processing /opt/airflow/dags/custom_operator/collect_data_fruits_operator.py took 1.362 seconds
[2024-04-19T07:49:23.902+0000] {processor.py:161} INFO - Started process (PID=212) to work on /opt/airflow/dags/custom_operator/collect_data_fruits_operator.py
[2024-04-19T07:49:24.630+0000] {processor.py:830} INFO - Processing file /opt/airflow/dags/custom_operator/collect_data_fruits_operator.py for tasks to queue
[2024-04-19T07:49:26.286+0000] {logging_mixin.py:188} INFO - [2024-04-19T07:49:25.941+0000] {dagbag.py:540} INFO - Filling up the DagBag from /opt/airflow/dags/custom_operator/collect_data_fruits_operator.py
[2024-04-19T07:49:27.632+0000] {processor.py:842} WARNING - No viable dags retrieved from /opt/airflow/dags/custom_operator/collect_data_fruits_operator.py
[2024-04-19T07:49:28.190+0000] {processor.py:183} INFO - Processing /opt/airflow/dags/custom_operator/collect_data_fruits_operator.py took 7.908 seconds
[2024-04-19T07:50:15.104+0000] {processor.py:161} INFO - Started process (PID=217) to work on /opt/airflow/dags/custom_operator/collect_data_fruits_operator.py
[2024-04-19T07:50:15.141+0000] {processor.py:830} INFO - Processing file /opt/airflow/dags/custom_operator/collect_data_fruits_operator.py for tasks to queue
[2024-04-19T07:50:15.256+0000] {logging_mixin.py:188} INFO - [2024-04-19T07:50:15.248+0000] {dagbag.py:540} INFO - Filling up the DagBag from /opt/airflow/dags/custom_operator/collect_data_fruits_operator.py
[2024-04-19T07:50:16.743+0000] {processor.py:842} WARNING - No viable dags retrieved from /opt/airflow/dags/custom_operator/collect_data_fruits_operator.py
[2024-04-19T07:50:25.427+0000] {processor.py:183} INFO - Processing /opt/airflow/dags/custom_operator/collect_data_fruits_operator.py took 17.965 seconds
[2024-04-19T07:50:56.472+0000] {processor.py:161} INFO - Started process (PID=228) to work on /opt/airflow/dags/custom_operator/collect_data_fruits_operator.py
[2024-04-19T07:50:56.475+0000] {processor.py:830} INFO - Processing file /opt/airflow/dags/custom_operator/collect_data_fruits_operator.py for tasks to queue
[2024-04-19T07:50:56.479+0000] {logging_mixin.py:188} INFO - [2024-04-19T07:50:56.476+0000] {dagbag.py:540} INFO - Filling up the DagBag from /opt/airflow/dags/custom_operator/collect_data_fruits_operator.py
[2024-04-19T07:50:56.506+0000] {processor.py:842} WARNING - No viable dags retrieved from /opt/airflow/dags/custom_operator/collect_data_fruits_operator.py
[2024-04-19T07:50:56.536+0000] {processor.py:183} INFO - Processing /opt/airflow/dags/custom_operator/collect_data_fruits_operator.py took 0.078 seconds
[2024-04-19T07:51:26.715+0000] {processor.py:161} INFO - Started process (PID=240) to work on /opt/airflow/dags/custom_operator/collect_data_fruits_operator.py
[2024-04-19T07:51:26.717+0000] {processor.py:830} INFO - Processing file /opt/airflow/dags/custom_operator/collect_data_fruits_operator.py for tasks to queue
[2024-04-19T07:51:26.718+0000] {logging_mixin.py:188} INFO - [2024-04-19T07:51:26.718+0000] {dagbag.py:540} INFO - Filling up the DagBag from /opt/airflow/dags/custom_operator/collect_data_fruits_operator.py
[2024-04-19T07:51:26.734+0000] {processor.py:842} WARNING - No viable dags retrieved from /opt/airflow/dags/custom_operator/collect_data_fruits_operator.py
[2024-04-19T07:51:26.750+0000] {processor.py:183} INFO - Processing /opt/airflow/dags/custom_operator/collect_data_fruits_operator.py took 0.048 seconds
[2024-04-19T07:51:58.066+0000] {processor.py:161} INFO - Started process (PID=252) to work on /opt/airflow/dags/custom_operator/collect_data_fruits_operator.py
[2024-04-19T07:51:58.071+0000] {processor.py:830} INFO - Processing file /opt/airflow/dags/custom_operator/collect_data_fruits_operator.py for tasks to queue
[2024-04-19T07:51:58.075+0000] {logging_mixin.py:188} INFO - [2024-04-19T07:51:58.074+0000] {dagbag.py:540} INFO - Filling up the DagBag from /opt/airflow/dags/custom_operator/collect_data_fruits_operator.py
[2024-04-19T07:51:58.116+0000] {processor.py:842} WARNING - No viable dags retrieved from /opt/airflow/dags/custom_operator/collect_data_fruits_operator.py
[2024-04-19T07:51:58.170+0000] {processor.py:183} INFO - Processing /opt/airflow/dags/custom_operator/collect_data_fruits_operator.py took 0.132 seconds
[2024-04-19T07:52:28.853+0000] {processor.py:161} INFO - Started process (PID=264) to work on /opt/airflow/dags/custom_operator/collect_data_fruits_operator.py
[2024-04-19T07:52:28.866+0000] {processor.py:830} INFO - Processing file /opt/airflow/dags/custom_operator/collect_data_fruits_operator.py for tasks to queue
[2024-04-19T07:52:28.872+0000] {logging_mixin.py:188} INFO - [2024-04-19T07:52:28.869+0000] {dagbag.py:540} INFO - Filling up the DagBag from /opt/airflow/dags/custom_operator/collect_data_fruits_operator.py
[2024-04-19T07:52:28.932+0000] {processor.py:842} WARNING - No viable dags retrieved from /opt/airflow/dags/custom_operator/collect_data_fruits_operator.py
[2024-04-19T07:52:29.360+0000] {processor.py:183} INFO - Processing /opt/airflow/dags/custom_operator/collect_data_fruits_operator.py took 0.589 seconds
[2024-04-19T07:53:00.197+0000] {processor.py:161} INFO - Started process (PID=274) to work on /opt/airflow/dags/custom_operator/collect_data_fruits_operator.py
[2024-04-19T07:53:00.200+0000] {processor.py:830} INFO - Processing file /opt/airflow/dags/custom_operator/collect_data_fruits_operator.py for tasks to queue
[2024-04-19T07:53:00.202+0000] {logging_mixin.py:188} INFO - [2024-04-19T07:53:00.201+0000] {dagbag.py:540} INFO - Filling up the DagBag from /opt/airflow/dags/custom_operator/collect_data_fruits_operator.py
[2024-04-19T07:53:00.228+0000] {processor.py:842} WARNING - No viable dags retrieved from /opt/airflow/dags/custom_operator/collect_data_fruits_operator.py
[2024-04-19T07:53:00.353+0000] {processor.py:183} INFO - Processing /opt/airflow/dags/custom_operator/collect_data_fruits_operator.py took 0.174 seconds
[2024-04-19T07:53:30.881+0000] {processor.py:161} INFO - Started process (PID=286) to work on /opt/airflow/dags/custom_operator/collect_data_fruits_operator.py
[2024-04-19T07:53:30.882+0000] {processor.py:830} INFO - Processing file /opt/airflow/dags/custom_operator/collect_data_fruits_operator.py for tasks to queue
[2024-04-19T07:53:30.883+0000] {logging_mixin.py:188} INFO - [2024-04-19T07:53:30.883+0000] {dagbag.py:540} INFO - Filling up the DagBag from /opt/airflow/dags/custom_operator/collect_data_fruits_operator.py
[2024-04-19T07:53:30.906+0000] {processor.py:842} WARNING - No viable dags retrieved from /opt/airflow/dags/custom_operator/collect_data_fruits_operator.py
[2024-04-19T07:53:30.928+0000] {processor.py:183} INFO - Processing /opt/airflow/dags/custom_operator/collect_data_fruits_operator.py took 0.056 seconds
[2024-04-19T07:54:01.014+0000] {processor.py:161} INFO - Started process (PID=298) to work on /opt/airflow/dags/custom_operator/collect_data_fruits_operator.py
[2024-04-19T07:54:01.015+0000] {processor.py:830} INFO - Processing file /opt/airflow/dags/custom_operator/collect_data_fruits_operator.py for tasks to queue
[2024-04-19T07:54:01.017+0000] {logging_mixin.py:188} INFO - [2024-04-19T07:54:01.016+0000] {dagbag.py:540} INFO - Filling up the DagBag from /opt/airflow/dags/custom_operator/collect_data_fruits_operator.py
[2024-04-19T07:54:01.030+0000] {processor.py:842} WARNING - No viable dags retrieved from /opt/airflow/dags/custom_operator/collect_data_fruits_operator.py
[2024-04-19T07:54:01.051+0000] {processor.py:183} INFO - Processing /opt/airflow/dags/custom_operator/collect_data_fruits_operator.py took 0.045 seconds
[2024-04-19T07:54:31.576+0000] {processor.py:161} INFO - Started process (PID=310) to work on /opt/airflow/dags/custom_operator/collect_data_fruits_operator.py
[2024-04-19T07:54:31.580+0000] {processor.py:830} INFO - Processing file /opt/airflow/dags/custom_operator/collect_data_fruits_operator.py for tasks to queue
[2024-04-19T07:54:31.585+0000] {logging_mixin.py:188} INFO - [2024-04-19T07:54:31.584+0000] {dagbag.py:540} INFO - Filling up the DagBag from /opt/airflow/dags/custom_operator/collect_data_fruits_operator.py
[2024-04-19T07:54:31.611+0000] {processor.py:842} WARNING - No viable dags retrieved from /opt/airflow/dags/custom_operator/collect_data_fruits_operator.py
[2024-04-19T07:54:31.653+0000] {processor.py:183} INFO - Processing /opt/airflow/dags/custom_operator/collect_data_fruits_operator.py took 0.105 seconds
[2024-04-19T07:55:01.992+0000] {processor.py:161} INFO - Started process (PID=326) to work on /opt/airflow/dags/custom_operator/collect_data_fruits_operator.py
[2024-04-19T07:55:02.010+0000] {processor.py:830} INFO - Processing file /opt/airflow/dags/custom_operator/collect_data_fruits_operator.py for tasks to queue
[2024-04-19T07:55:02.016+0000] {logging_mixin.py:188} INFO - [2024-04-19T07:55:02.014+0000] {dagbag.py:540} INFO - Filling up the DagBag from /opt/airflow/dags/custom_operator/collect_data_fruits_operator.py
[2024-04-19T07:55:02.109+0000] {processor.py:842} WARNING - No viable dags retrieved from /opt/airflow/dags/custom_operator/collect_data_fruits_operator.py
[2024-04-19T07:55:02.521+0000] {processor.py:183} INFO - Processing /opt/airflow/dags/custom_operator/collect_data_fruits_operator.py took 0.629 seconds
[2024-04-19T07:55:33.008+0000] {processor.py:161} INFO - Started process (PID=338) to work on /opt/airflow/dags/custom_operator/collect_data_fruits_operator.py
[2024-04-19T07:55:33.010+0000] {processor.py:830} INFO - Processing file /opt/airflow/dags/custom_operator/collect_data_fruits_operator.py for tasks to queue
[2024-04-19T07:55:33.011+0000] {logging_mixin.py:188} INFO - [2024-04-19T07:55:33.011+0000] {dagbag.py:540} INFO - Filling up the DagBag from /opt/airflow/dags/custom_operator/collect_data_fruits_operator.py
[2024-04-19T07:55:33.038+0000] {processor.py:842} WARNING - No viable dags retrieved from /opt/airflow/dags/custom_operator/collect_data_fruits_operator.py
[2024-04-19T07:55:33.067+0000] {processor.py:183} INFO - Processing /opt/airflow/dags/custom_operator/collect_data_fruits_operator.py took 0.071 seconds
[2024-04-19T07:56:03.690+0000] {processor.py:161} INFO - Started process (PID=350) to work on /opt/airflow/dags/custom_operator/collect_data_fruits_operator.py
[2024-04-19T07:56:03.691+0000] {processor.py:830} INFO - Processing file /opt/airflow/dags/custom_operator/collect_data_fruits_operator.py for tasks to queue
[2024-04-19T07:56:03.692+0000] {logging_mixin.py:188} INFO - [2024-04-19T07:56:03.692+0000] {dagbag.py:540} INFO - Filling up the DagBag from /opt/airflow/dags/custom_operator/collect_data_fruits_operator.py
[2024-04-19T07:56:03.703+0000] {processor.py:842} WARNING - No viable dags retrieved from /opt/airflow/dags/custom_operator/collect_data_fruits_operator.py
[2024-04-19T07:56:03.718+0000] {processor.py:183} INFO - Processing /opt/airflow/dags/custom_operator/collect_data_fruits_operator.py took 0.034 seconds
[2024-04-19T07:56:34.331+0000] {processor.py:161} INFO - Started process (PID=362) to work on /opt/airflow/dags/custom_operator/collect_data_fruits_operator.py
[2024-04-19T07:56:34.333+0000] {processor.py:830} INFO - Processing file /opt/airflow/dags/custom_operator/collect_data_fruits_operator.py for tasks to queue
[2024-04-19T07:56:34.333+0000] {logging_mixin.py:188} INFO - [2024-04-19T07:56:34.333+0000] {dagbag.py:540} INFO - Filling up the DagBag from /opt/airflow/dags/custom_operator/collect_data_fruits_operator.py
[2024-04-19T07:56:34.344+0000] {processor.py:842} WARNING - No viable dags retrieved from /opt/airflow/dags/custom_operator/collect_data_fruits_operator.py
[2024-04-19T07:56:34.358+0000] {processor.py:183} INFO - Processing /opt/airflow/dags/custom_operator/collect_data_fruits_operator.py took 0.032 seconds
[2024-04-19T07:57:04.934+0000] {processor.py:161} INFO - Started process (PID=372) to work on /opt/airflow/dags/custom_operator/collect_data_fruits_operator.py
[2024-04-19T07:57:04.936+0000] {processor.py:830} INFO - Processing file /opt/airflow/dags/custom_operator/collect_data_fruits_operator.py for tasks to queue
[2024-04-19T07:57:04.937+0000] {logging_mixin.py:188} INFO - [2024-04-19T07:57:04.937+0000] {dagbag.py:540} INFO - Filling up the DagBag from /opt/airflow/dags/custom_operator/collect_data_fruits_operator.py
[2024-04-19T07:57:04.952+0000] {processor.py:842} WARNING - No viable dags retrieved from /opt/airflow/dags/custom_operator/collect_data_fruits_operator.py
[2024-04-19T07:57:04.971+0000] {processor.py:183} INFO - Processing /opt/airflow/dags/custom_operator/collect_data_fruits_operator.py took 0.042 seconds
[2024-04-19T07:57:35.709+0000] {processor.py:161} INFO - Started process (PID=385) to work on /opt/airflow/dags/custom_operator/collect_data_fruits_operator.py
[2024-04-19T07:57:35.711+0000] {processor.py:830} INFO - Processing file /opt/airflow/dags/custom_operator/collect_data_fruits_operator.py for tasks to queue
[2024-04-19T07:57:35.712+0000] {logging_mixin.py:188} INFO - [2024-04-19T07:57:35.711+0000] {dagbag.py:540} INFO - Filling up the DagBag from /opt/airflow/dags/custom_operator/collect_data_fruits_operator.py
[2024-04-19T07:57:35.722+0000] {processor.py:842} WARNING - No viable dags retrieved from /opt/airflow/dags/custom_operator/collect_data_fruits_operator.py
[2024-04-19T07:57:35.737+0000] {processor.py:183} INFO - Processing /opt/airflow/dags/custom_operator/collect_data_fruits_operator.py took 0.034 seconds
[2024-04-19T07:58:06.378+0000] {processor.py:161} INFO - Started process (PID=397) to work on /opt/airflow/dags/custom_operator/collect_data_fruits_operator.py
[2024-04-19T07:58:06.380+0000] {processor.py:830} INFO - Processing file /opt/airflow/dags/custom_operator/collect_data_fruits_operator.py for tasks to queue
[2024-04-19T07:58:06.381+0000] {logging_mixin.py:188} INFO - [2024-04-19T07:58:06.381+0000] {dagbag.py:540} INFO - Filling up the DagBag from /opt/airflow/dags/custom_operator/collect_data_fruits_operator.py
[2024-04-19T07:58:06.394+0000] {processor.py:842} WARNING - No viable dags retrieved from /opt/airflow/dags/custom_operator/collect_data_fruits_operator.py
[2024-04-19T07:58:06.411+0000] {processor.py:183} INFO - Processing /opt/airflow/dags/custom_operator/collect_data_fruits_operator.py took 0.038 seconds
[2024-04-19T07:58:36.993+0000] {processor.py:161} INFO - Started process (PID=409) to work on /opt/airflow/dags/custom_operator/collect_data_fruits_operator.py
[2024-04-19T07:58:36.994+0000] {processor.py:830} INFO - Processing file /opt/airflow/dags/custom_operator/collect_data_fruits_operator.py for tasks to queue
[2024-04-19T07:58:36.995+0000] {logging_mixin.py:188} INFO - [2024-04-19T07:58:36.995+0000] {dagbag.py:540} INFO - Filling up the DagBag from /opt/airflow/dags/custom_operator/collect_data_fruits_operator.py
[2024-04-19T07:58:37.007+0000] {processor.py:842} WARNING - No viable dags retrieved from /opt/airflow/dags/custom_operator/collect_data_fruits_operator.py
[2024-04-19T07:58:37.021+0000] {processor.py:183} INFO - Processing /opt/airflow/dags/custom_operator/collect_data_fruits_operator.py took 0.035 seconds
[2024-04-19T07:59:07.104+0000] {processor.py:161} INFO - Started process (PID=421) to work on /opt/airflow/dags/custom_operator/collect_data_fruits_operator.py
[2024-04-19T07:59:07.106+0000] {processor.py:830} INFO - Processing file /opt/airflow/dags/custom_operator/collect_data_fruits_operator.py for tasks to queue
[2024-04-19T07:59:07.107+0000] {logging_mixin.py:188} INFO - [2024-04-19T07:59:07.107+0000] {dagbag.py:540} INFO - Filling up the DagBag from /opt/airflow/dags/custom_operator/collect_data_fruits_operator.py
[2024-04-19T07:59:07.122+0000] {processor.py:842} WARNING - No viable dags retrieved from /opt/airflow/dags/custom_operator/collect_data_fruits_operator.py
[2024-04-19T07:59:07.177+0000] {processor.py:183} INFO - Processing /opt/airflow/dags/custom_operator/collect_data_fruits_operator.py took 0.080 seconds
[2024-04-19T07:59:37.788+0000] {processor.py:161} INFO - Started process (PID=433) to work on /opt/airflow/dags/custom_operator/collect_data_fruits_operator.py
[2024-04-19T07:59:37.791+0000] {processor.py:830} INFO - Processing file /opt/airflow/dags/custom_operator/collect_data_fruits_operator.py for tasks to queue
[2024-04-19T07:59:37.795+0000] {logging_mixin.py:188} INFO - [2024-04-19T07:59:37.794+0000] {dagbag.py:540} INFO - Filling up the DagBag from /opt/airflow/dags/custom_operator/collect_data_fruits_operator.py
[2024-04-19T07:59:37.813+0000] {processor.py:842} WARNING - No viable dags retrieved from /opt/airflow/dags/custom_operator/collect_data_fruits_operator.py
[2024-04-19T07:59:37.837+0000] {processor.py:183} INFO - Processing /opt/airflow/dags/custom_operator/collect_data_fruits_operator.py took 0.068 seconds
[2024-04-19T08:00:08.713+0000] {processor.py:161} INFO - Started process (PID=445) to work on /opt/airflow/dags/custom_operator/collect_data_fruits_operator.py
[2024-04-19T08:00:08.715+0000] {processor.py:830} INFO - Processing file /opt/airflow/dags/custom_operator/collect_data_fruits_operator.py for tasks to queue
[2024-04-19T08:00:08.717+0000] {logging_mixin.py:188} INFO - [2024-04-19T08:00:08.716+0000] {dagbag.py:540} INFO - Filling up the DagBag from /opt/airflow/dags/custom_operator/collect_data_fruits_operator.py
[2024-04-19T08:00:08.734+0000] {processor.py:842} WARNING - No viable dags retrieved from /opt/airflow/dags/custom_operator/collect_data_fruits_operator.py
[2024-04-19T08:00:08.773+0000] {processor.py:183} INFO - Processing /opt/airflow/dags/custom_operator/collect_data_fruits_operator.py took 0.071 seconds
[2024-04-19T08:00:39.850+0000] {processor.py:161} INFO - Started process (PID=457) to work on /opt/airflow/dags/custom_operator/collect_data_fruits_operator.py
[2024-04-19T08:00:39.852+0000] {processor.py:830} INFO - Processing file /opt/airflow/dags/custom_operator/collect_data_fruits_operator.py for tasks to queue
[2024-04-19T08:00:39.854+0000] {logging_mixin.py:188} INFO - [2024-04-19T08:00:39.854+0000] {dagbag.py:540} INFO - Filling up the DagBag from /opt/airflow/dags/custom_operator/collect_data_fruits_operator.py
[2024-04-19T08:00:39.878+0000] {processor.py:842} WARNING - No viable dags retrieved from /opt/airflow/dags/custom_operator/collect_data_fruits_operator.py
[2024-04-19T08:00:39.901+0000] {processor.py:183} INFO - Processing /opt/airflow/dags/custom_operator/collect_data_fruits_operator.py took 0.059 seconds
[2024-04-19T08:01:10.392+0000] {processor.py:161} INFO - Started process (PID=469) to work on /opt/airflow/dags/custom_operator/collect_data_fruits_operator.py
[2024-04-19T08:01:10.395+0000] {processor.py:830} INFO - Processing file /opt/airflow/dags/custom_operator/collect_data_fruits_operator.py for tasks to queue
[2024-04-19T08:01:10.396+0000] {logging_mixin.py:188} INFO - [2024-04-19T08:01:10.396+0000] {dagbag.py:540} INFO - Filling up the DagBag from /opt/airflow/dags/custom_operator/collect_data_fruits_operator.py
[2024-04-19T08:01:10.410+0000] {processor.py:842} WARNING - No viable dags retrieved from /opt/airflow/dags/custom_operator/collect_data_fruits_operator.py
[2024-04-19T08:01:10.426+0000] {processor.py:183} INFO - Processing /opt/airflow/dags/custom_operator/collect_data_fruits_operator.py took 0.041 seconds
[2024-04-19T08:01:41.162+0000] {processor.py:161} INFO - Started process (PID=482) to work on /opt/airflow/dags/custom_operator/collect_data_fruits_operator.py
[2024-04-19T08:01:41.164+0000] {processor.py:830} INFO - Processing file /opt/airflow/dags/custom_operator/collect_data_fruits_operator.py for tasks to queue
[2024-04-19T08:01:41.168+0000] {logging_mixin.py:188} INFO - [2024-04-19T08:01:41.168+0000] {dagbag.py:540} INFO - Filling up the DagBag from /opt/airflow/dags/custom_operator/collect_data_fruits_operator.py
[2024-04-19T08:01:41.186+0000] {processor.py:842} WARNING - No viable dags retrieved from /opt/airflow/dags/custom_operator/collect_data_fruits_operator.py
[2024-04-19T08:01:41.207+0000] {processor.py:183} INFO - Processing /opt/airflow/dags/custom_operator/collect_data_fruits_operator.py took 0.052 seconds
[2024-04-19T08:02:11.872+0000] {processor.py:161} INFO - Started process (PID=494) to work on /opt/airflow/dags/custom_operator/collect_data_fruits_operator.py
[2024-04-19T08:02:11.873+0000] {processor.py:830} INFO - Processing file /opt/airflow/dags/custom_operator/collect_data_fruits_operator.py for tasks to queue
[2024-04-19T08:02:11.874+0000] {logging_mixin.py:188} INFO - [2024-04-19T08:02:11.874+0000] {dagbag.py:540} INFO - Filling up the DagBag from /opt/airflow/dags/custom_operator/collect_data_fruits_operator.py
[2024-04-19T08:02:11.891+0000] {processor.py:842} WARNING - No viable dags retrieved from /opt/airflow/dags/custom_operator/collect_data_fruits_operator.py
[2024-04-19T08:02:11.909+0000] {processor.py:183} INFO - Processing /opt/airflow/dags/custom_operator/collect_data_fruits_operator.py took 0.044 seconds
[2024-04-19T08:02:42.891+0000] {processor.py:161} INFO - Started process (PID=507) to work on /opt/airflow/dags/custom_operator/collect_data_fruits_operator.py
[2024-04-19T08:02:42.897+0000] {processor.py:830} INFO - Processing file /opt/airflow/dags/custom_operator/collect_data_fruits_operator.py for tasks to queue
[2024-04-19T08:02:42.903+0000] {logging_mixin.py:188} INFO - [2024-04-19T08:02:42.901+0000] {dagbag.py:540} INFO - Filling up the DagBag from /opt/airflow/dags/custom_operator/collect_data_fruits_operator.py
[2024-04-19T08:02:42.984+0000] {processor.py:842} WARNING - No viable dags retrieved from /opt/airflow/dags/custom_operator/collect_data_fruits_operator.py
[2024-04-19T08:02:43.121+0000] {processor.py:183} INFO - Processing /opt/airflow/dags/custom_operator/collect_data_fruits_operator.py took 0.348 seconds
[2024-04-19T08:03:13.544+0000] {processor.py:161} INFO - Started process (PID=519) to work on /opt/airflow/dags/custom_operator/collect_data_fruits_operator.py
[2024-04-19T08:03:13.548+0000] {processor.py:830} INFO - Processing file /opt/airflow/dags/custom_operator/collect_data_fruits_operator.py for tasks to queue
[2024-04-19T08:03:13.550+0000] {logging_mixin.py:188} INFO - [2024-04-19T08:03:13.549+0000] {dagbag.py:540} INFO - Filling up the DagBag from /opt/airflow/dags/custom_operator/collect_data_fruits_operator.py
[2024-04-19T08:03:13.577+0000] {processor.py:842} WARNING - No viable dags retrieved from /opt/airflow/dags/custom_operator/collect_data_fruits_operator.py
[2024-04-19T08:03:13.615+0000] {processor.py:183} INFO - Processing /opt/airflow/dags/custom_operator/collect_data_fruits_operator.py took 0.144 seconds
[2024-04-19T08:03:44.107+0000] {processor.py:161} INFO - Started process (PID=531) to work on /opt/airflow/dags/custom_operator/collect_data_fruits_operator.py
[2024-04-19T08:03:44.109+0000] {processor.py:830} INFO - Processing file /opt/airflow/dags/custom_operator/collect_data_fruits_operator.py for tasks to queue
[2024-04-19T08:03:44.110+0000] {logging_mixin.py:188} INFO - [2024-04-19T08:03:44.110+0000] {dagbag.py:540} INFO - Filling up the DagBag from /opt/airflow/dags/custom_operator/collect_data_fruits_operator.py
[2024-04-19T08:03:44.131+0000] {processor.py:842} WARNING - No viable dags retrieved from /opt/airflow/dags/custom_operator/collect_data_fruits_operator.py
[2024-04-19T08:03:44.160+0000] {processor.py:183} INFO - Processing /opt/airflow/dags/custom_operator/collect_data_fruits_operator.py took 0.060 seconds
[2024-04-19T08:04:15.242+0000] {processor.py:161} INFO - Started process (PID=543) to work on /opt/airflow/dags/custom_operator/collect_data_fruits_operator.py
[2024-04-19T08:04:15.251+0000] {processor.py:830} INFO - Processing file /opt/airflow/dags/custom_operator/collect_data_fruits_operator.py for tasks to queue
[2024-04-19T08:04:15.256+0000] {logging_mixin.py:188} INFO - [2024-04-19T08:04:15.254+0000] {dagbag.py:540} INFO - Filling up the DagBag from /opt/airflow/dags/custom_operator/collect_data_fruits_operator.py
[2024-04-19T08:04:15.324+0000] {processor.py:842} WARNING - No viable dags retrieved from /opt/airflow/dags/custom_operator/collect_data_fruits_operator.py
[2024-04-19T08:04:15.399+0000] {processor.py:183} INFO - Processing /opt/airflow/dags/custom_operator/collect_data_fruits_operator.py took 0.202 seconds
[2024-04-19T08:05:59.926+0000] {processor.py:161} INFO - Started process (PID=555) to work on /opt/airflow/dags/custom_operator/collect_data_fruits_operator.py
[2024-04-19T08:05:59.985+0000] {processor.py:830} INFO - Processing file /opt/airflow/dags/custom_operator/collect_data_fruits_operator.py for tasks to queue
[2024-04-19T08:06:00.018+0000] {logging_mixin.py:188} INFO - [2024-04-19T08:06:00.006+0000] {dagbag.py:540} INFO - Filling up the DagBag from /opt/airflow/dags/custom_operator/collect_data_fruits_operator.py
[2024-04-19T08:06:00.434+0000] {processor.py:842} WARNING - No viable dags retrieved from /opt/airflow/dags/custom_operator/collect_data_fruits_operator.py
[2024-04-19T08:06:01.655+0000] {processor.py:183} INFO - Processing /opt/airflow/dags/custom_operator/collect_data_fruits_operator.py took 1.948 seconds
[2024-04-19T08:06:32.293+0000] {processor.py:161} INFO - Started process (PID=568) to work on /opt/airflow/dags/custom_operator/collect_data_fruits_operator.py
[2024-04-19T08:06:32.294+0000] {processor.py:830} INFO - Processing file /opt/airflow/dags/custom_operator/collect_data_fruits_operator.py for tasks to queue
[2024-04-19T08:06:32.295+0000] {logging_mixin.py:188} INFO - [2024-04-19T08:06:32.295+0000] {dagbag.py:540} INFO - Filling up the DagBag from /opt/airflow/dags/custom_operator/collect_data_fruits_operator.py
[2024-04-19T08:06:32.307+0000] {processor.py:842} WARNING - No viable dags retrieved from /opt/airflow/dags/custom_operator/collect_data_fruits_operator.py
[2024-04-19T08:06:32.322+0000] {processor.py:183} INFO - Processing /opt/airflow/dags/custom_operator/collect_data_fruits_operator.py took 0.035 seconds
[2024-04-19T08:07:03.011+0000] {processor.py:161} INFO - Started process (PID=580) to work on /opt/airflow/dags/custom_operator/collect_data_fruits_operator.py
[2024-04-19T08:07:03.012+0000] {processor.py:830} INFO - Processing file /opt/airflow/dags/custom_operator/collect_data_fruits_operator.py for tasks to queue
[2024-04-19T08:07:03.013+0000] {logging_mixin.py:188} INFO - [2024-04-19T08:07:03.013+0000] {dagbag.py:540} INFO - Filling up the DagBag from /opt/airflow/dags/custom_operator/collect_data_fruits_operator.py
[2024-04-19T08:07:03.030+0000] {processor.py:842} WARNING - No viable dags retrieved from /opt/airflow/dags/custom_operator/collect_data_fruits_operator.py
[2024-04-19T08:07:03.046+0000] {processor.py:183} INFO - Processing /opt/airflow/dags/custom_operator/collect_data_fruits_operator.py took 0.042 seconds
[2024-04-19T08:47:18.203+0000] {processor.py:161} INFO - Started process (PID=31) to work on /opt/airflow/dags/custom_operator/collect_data_fruits_operator.py
[2024-04-19T08:47:18.206+0000] {processor.py:830} INFO - Processing file /opt/airflow/dags/custom_operator/collect_data_fruits_operator.py for tasks to queue
[2024-04-19T08:47:18.210+0000] {logging_mixin.py:188} INFO - [2024-04-19T08:47:18.209+0000] {dagbag.py:540} INFO - Filling up the DagBag from /opt/airflow/dags/custom_operator/collect_data_fruits_operator.py
[2024-04-19T08:47:18.239+0000] {processor.py:842} WARNING - No viable dags retrieved from /opt/airflow/dags/custom_operator/collect_data_fruits_operator.py
[2024-04-19T08:47:18.298+0000] {processor.py:183} INFO - Processing /opt/airflow/dags/custom_operator/collect_data_fruits_operator.py took 0.114 seconds
[2024-04-19T08:47:49.490+0000] {processor.py:161} INFO - Started process (PID=42) to work on /opt/airflow/dags/custom_operator/collect_data_fruits_operator.py
[2024-04-19T08:47:49.496+0000] {processor.py:830} INFO - Processing file /opt/airflow/dags/custom_operator/collect_data_fruits_operator.py for tasks to queue
[2024-04-19T08:47:49.572+0000] {logging_mixin.py:188} INFO - [2024-04-19T08:47:49.571+0000] {dagbag.py:540} INFO - Filling up the DagBag from /opt/airflow/dags/custom_operator/collect_data_fruits_operator.py
[2024-04-19T08:47:49.674+0000] {processor.py:842} WARNING - No viable dags retrieved from /opt/airflow/dags/custom_operator/collect_data_fruits_operator.py
[2024-04-19T08:47:49.780+0000] {processor.py:183} INFO - Processing /opt/airflow/dags/custom_operator/collect_data_fruits_operator.py took 0.511 seconds
[2024-04-19T08:48:20.249+0000] {processor.py:161} INFO - Started process (PID=54) to work on /opt/airflow/dags/custom_operator/collect_data_fruits_operator.py
[2024-04-19T08:48:20.254+0000] {processor.py:830} INFO - Processing file /opt/airflow/dags/custom_operator/collect_data_fruits_operator.py for tasks to queue
[2024-04-19T08:48:20.265+0000] {logging_mixin.py:188} INFO - [2024-04-19T08:48:20.261+0000] {dagbag.py:540} INFO - Filling up the DagBag from /opt/airflow/dags/custom_operator/collect_data_fruits_operator.py
[2024-04-19T08:48:20.298+0000] {processor.py:842} WARNING - No viable dags retrieved from /opt/airflow/dags/custom_operator/collect_data_fruits_operator.py
[2024-04-19T08:48:20.324+0000] {processor.py:183} INFO - Processing /opt/airflow/dags/custom_operator/collect_data_fruits_operator.py took 0.095 seconds
[2024-04-19T08:48:51.464+0000] {processor.py:161} INFO - Started process (PID=66) to work on /opt/airflow/dags/custom_operator/collect_data_fruits_operator.py
[2024-04-19T08:48:51.480+0000] {processor.py:830} INFO - Processing file /opt/airflow/dags/custom_operator/collect_data_fruits_operator.py for tasks to queue
[2024-04-19T08:48:51.552+0000] {logging_mixin.py:188} INFO - [2024-04-19T08:48:51.545+0000] {dagbag.py:540} INFO - Filling up the DagBag from /opt/airflow/dags/custom_operator/collect_data_fruits_operator.py
[2024-04-19T08:48:51.646+0000] {processor.py:842} WARNING - No viable dags retrieved from /opt/airflow/dags/custom_operator/collect_data_fruits_operator.py
[2024-04-19T08:48:51.982+0000] {processor.py:183} INFO - Processing /opt/airflow/dags/custom_operator/collect_data_fruits_operator.py took 0.716 seconds
[2024-04-19T08:49:22.190+0000] {processor.py:161} INFO - Started process (PID=78) to work on /opt/airflow/dags/custom_operator/collect_data_fruits_operator.py
[2024-04-19T08:49:22.192+0000] {processor.py:830} INFO - Processing file /opt/airflow/dags/custom_operator/collect_data_fruits_operator.py for tasks to queue
[2024-04-19T08:49:22.197+0000] {logging_mixin.py:188} INFO - [2024-04-19T08:49:22.195+0000] {dagbag.py:540} INFO - Filling up the DagBag from /opt/airflow/dags/custom_operator/collect_data_fruits_operator.py
[2024-04-19T08:49:22.225+0000] {processor.py:842} WARNING - No viable dags retrieved from /opt/airflow/dags/custom_operator/collect_data_fruits_operator.py
[2024-04-19T08:49:22.245+0000] {processor.py:183} INFO - Processing /opt/airflow/dags/custom_operator/collect_data_fruits_operator.py took 0.066 seconds
[2024-04-19T08:49:57.434+0000] {processor.py:161} INFO - Started process (PID=91) to work on /opt/airflow/dags/custom_operator/collect_data_fruits_operator.py
[2024-04-19T08:49:57.452+0000] {processor.py:830} INFO - Processing file /opt/airflow/dags/custom_operator/collect_data_fruits_operator.py for tasks to queue
[2024-04-19T08:49:57.560+0000] {logging_mixin.py:188} INFO - [2024-04-19T08:49:57.532+0000] {dagbag.py:540} INFO - Filling up the DagBag from /opt/airflow/dags/custom_operator/collect_data_fruits_operator.py
[2024-04-19T08:49:57.816+0000] {processor.py:842} WARNING - No viable dags retrieved from /opt/airflow/dags/custom_operator/collect_data_fruits_operator.py
[2024-04-19T08:49:58.219+0000] {processor.py:183} INFO - Processing /opt/airflow/dags/custom_operator/collect_data_fruits_operator.py took 1.906 seconds
[2024-04-19T08:50:51.559+0000] {processor.py:161} INFO - Started process (PID=102) to work on /opt/airflow/dags/custom_operator/collect_data_fruits_operator.py
[2024-04-19T08:50:51.587+0000] {processor.py:830} INFO - Processing file /opt/airflow/dags/custom_operator/collect_data_fruits_operator.py for tasks to queue
[2024-04-19T08:50:51.794+0000] {logging_mixin.py:188} INFO - [2024-04-19T08:50:51.739+0000] {dagbag.py:540} INFO - Filling up the DagBag from /opt/airflow/dags/custom_operator/collect_data_fruits_operator.py
[2024-04-19T08:50:51.749+0000] {processor.py:842} WARNING - No viable dags retrieved from /opt/airflow/dags/custom_operator/collect_data_fruits_operator.py
[2024-04-19T08:50:57.616+0000] {processor.py:183} INFO - Processing /opt/airflow/dags/custom_operator/collect_data_fruits_operator.py took 8.082 seconds
[2024-04-19T08:51:29.323+0000] {processor.py:161} INFO - Started process (PID=119) to work on /opt/airflow/dags/custom_operator/collect_data_fruits_operator.py
[2024-04-19T08:51:29.376+0000] {processor.py:830} INFO - Processing file /opt/airflow/dags/custom_operator/collect_data_fruits_operator.py for tasks to queue
[2024-04-19T08:51:29.476+0000] {logging_mixin.py:188} INFO - [2024-04-19T08:51:29.429+0000] {dagbag.py:540} INFO - Filling up the DagBag from /opt/airflow/dags/custom_operator/collect_data_fruits_operator.py
[2024-04-19T08:51:34.383+0000] {processor.py:842} WARNING - No viable dags retrieved from /opt/airflow/dags/custom_operator/collect_data_fruits_operator.py
[2024-04-19T08:51:53.136+0000] {processor.py:186} ERROR - Got an exception! Propagating...
Traceback (most recent call last):
  File "/home/airflow/.local/lib/python3.12/site-packages/sqlalchemy/engine/base.py", line 3371, in _wrap_pool_connect
    return fn()
           ^^^^
  File "/home/airflow/.local/lib/python3.12/site-packages/sqlalchemy/pool/base.py", line 327, in connect
    return _ConnectionFairy._checkout(self)
           ^^^^^^^^^^^^^^^^^^^^^^^^^^^^^^^^
  File "/home/airflow/.local/lib/python3.12/site-packages/sqlalchemy/pool/base.py", line 894, in _checkout
    fairy = _ConnectionRecord.checkout(pool)
            ^^^^^^^^^^^^^^^^^^^^^^^^^^^^^^^^
  File "/home/airflow/.local/lib/python3.12/site-packages/sqlalchemy/pool/base.py", line 493, in checkout
    rec = pool._do_get()
          ^^^^^^^^^^^^^^
  File "/home/airflow/.local/lib/python3.12/site-packages/sqlalchemy/pool/impl.py", line 145, in _do_get
    with util.safe_reraise():
  File "/home/airflow/.local/lib/python3.12/site-packages/sqlalchemy/util/langhelpers.py", line 70, in __exit__
    compat.raise_(
  File "/home/airflow/.local/lib/python3.12/site-packages/sqlalchemy/util/compat.py", line 211, in raise_
    raise exception
  File "/home/airflow/.local/lib/python3.12/site-packages/sqlalchemy/pool/impl.py", line 143, in _do_get
    return self._create_connection()
           ^^^^^^^^^^^^^^^^^^^^^^^^^
  File "/home/airflow/.local/lib/python3.12/site-packages/sqlalchemy/pool/base.py", line 273, in _create_connection
    return _ConnectionRecord(self)
           ^^^^^^^^^^^^^^^^^^^^^^^
  File "/home/airflow/.local/lib/python3.12/site-packages/sqlalchemy/pool/base.py", line 388, in __init__
    self.__connect()
  File "/home/airflow/.local/lib/python3.12/site-packages/sqlalchemy/pool/base.py", line 690, in __connect
    with util.safe_reraise():
  File "/home/airflow/.local/lib/python3.12/site-packages/sqlalchemy/util/langhelpers.py", line 70, in __exit__
    compat.raise_(
  File "/home/airflow/.local/lib/python3.12/site-packages/sqlalchemy/util/compat.py", line 211, in raise_
    raise exception
  File "/home/airflow/.local/lib/python3.12/site-packages/sqlalchemy/pool/base.py", line 686, in __connect
    self.dbapi_connection = connection = pool._invoke_creator(self)
                                         ^^^^^^^^^^^^^^^^^^^^^^^^^^
  File "/home/airflow/.local/lib/python3.12/site-packages/sqlalchemy/engine/create.py", line 574, in connect
    return dialect.connect(*cargs, **cparams)
           ^^^^^^^^^^^^^^^^^^^^^^^^^^^^^^^^^^
  File "/home/airflow/.local/lib/python3.12/site-packages/sqlalchemy/engine/default.py", line 598, in connect
    return self.dbapi.connect(*cargs, **cparams)
           ^^^^^^^^^^^^^^^^^^^^^^^^^^^^^^^^^^^^^
  File "/home/airflow/.local/lib/python3.12/site-packages/psycopg2/__init__.py", line 122, in connect
    conn = _connect(dsn, connection_factory=connection_factory, **kwasync)
           ^^^^^^^^^^^^^^^^^^^^^^^^^^^^^^^^^^^^^^^^^^^^^^^^^^^^^^^^^^^^^^^
psycopg2.OperationalError: could not translate host name "postgres" to address: Temporary failure in name resolution


The above exception was the direct cause of the following exception:

Traceback (most recent call last):
  File "/home/airflow/.local/lib/python3.12/site-packages/airflow/dag_processing/processor.py", line 182, in _run_file_processor
    _handle_dag_file_processing()
  File "/home/airflow/.local/lib/python3.12/site-packages/airflow/dag_processing/processor.py", line 163, in _handle_dag_file_processing
    result: tuple[int, int] = dag_file_processor.process_file(
                              ^^^^^^^^^^^^^^^^^^^^^^^^^^^^^^^^
  File "/home/airflow/.local/lib/python3.12/site-packages/airflow/utils/session.py", line 79, in wrapper
    return func(*args, session=session, **kwargs)
           ^^^^^^^^^^^^^^^^^^^^^^^^^^^^^^^^^^^^^^
  File "/home/airflow/.local/lib/python3.12/site-packages/airflow/dag_processing/processor.py", line 843, in process_file
    DagFileProcessor.update_import_errors(
  File "/home/airflow/.local/lib/python3.12/site-packages/airflow/api_internal/internal_api_call.py", line 115, in wrapper
    return func(*args, **kwargs)
           ^^^^^^^^^^^^^^^^^^^^^
  File "/home/airflow/.local/lib/python3.12/site-packages/airflow/utils/session.py", line 76, in wrapper
    return func(*args, **kwargs)
           ^^^^^^^^^^^^^^^^^^^^^
  File "/home/airflow/.local/lib/python3.12/site-packages/airflow/dag_processing/processor.py", line 615, in update_import_errors
    session.execute(
  File "/home/airflow/.local/lib/python3.12/site-packages/sqlalchemy/orm/session.py", line 1716, in execute
    conn = self._connection_for_bind(bind)
           ^^^^^^^^^^^^^^^^^^^^^^^^^^^^^^^
  File "/home/airflow/.local/lib/python3.12/site-packages/sqlalchemy/orm/session.py", line 1555, in _connection_for_bind
    return self._transaction._connection_for_bind(
           ^^^^^^^^^^^^^^^^^^^^^^^^^^^^^^^^^^^^^^^
  File "/home/airflow/.local/lib/python3.12/site-packages/sqlalchemy/orm/session.py", line 750, in _connection_for_bind
    conn = bind.connect()
           ^^^^^^^^^^^^^^
  File "/home/airflow/.local/lib/python3.12/site-packages/sqlalchemy/future/engine.py", line 412, in connect
    return super(Engine, self).connect()
           ^^^^^^^^^^^^^^^^^^^^^^^^^^^^^
  File "/home/airflow/.local/lib/python3.12/site-packages/sqlalchemy/engine/base.py", line 3325, in connect
    return self._connection_cls(self, close_with_result=close_with_result)
           ^^^^^^^^^^^^^^^^^^^^^^^^^^^^^^^^^^^^^^^^^^^^^^^^^^^^^^^^^^^^^^^
  File "/home/airflow/.local/lib/python3.12/site-packages/sqlalchemy/engine/base.py", line 96, in __init__
    else engine.raw_connection()
         ^^^^^^^^^^^^^^^^^^^^^^^
  File "/home/airflow/.local/lib/python3.12/site-packages/sqlalchemy/engine/base.py", line 3404, in raw_connection
    return self._wrap_pool_connect(self.pool.connect, _connection)
           ^^^^^^^^^^^^^^^^^^^^^^^^^^^^^^^^^^^^^^^^^^^^^^^^^^^^^^^
  File "/home/airflow/.local/lib/python3.12/site-packages/sqlalchemy/engine/base.py", line 3374, in _wrap_pool_connect
    Connection._handle_dbapi_exception_noconnection(
  File "/home/airflow/.local/lib/python3.12/site-packages/sqlalchemy/engine/base.py", line 2208, in _handle_dbapi_exception_noconnection
    util.raise_(
  File "/home/airflow/.local/lib/python3.12/site-packages/sqlalchemy/util/compat.py", line 211, in raise_
    raise exception
  File "/home/airflow/.local/lib/python3.12/site-packages/sqlalchemy/engine/base.py", line 3371, in _wrap_pool_connect
    return fn()
           ^^^^
  File "/home/airflow/.local/lib/python3.12/site-packages/sqlalchemy/pool/base.py", line 327, in connect
    return _ConnectionFairy._checkout(self)
           ^^^^^^^^^^^^^^^^^^^^^^^^^^^^^^^^
  File "/home/airflow/.local/lib/python3.12/site-packages/sqlalchemy/pool/base.py", line 894, in _checkout
    fairy = _ConnectionRecord.checkout(pool)
            ^^^^^^^^^^^^^^^^^^^^^^^^^^^^^^^^
  File "/home/airflow/.local/lib/python3.12/site-packages/sqlalchemy/pool/base.py", line 493, in checkout
    rec = pool._do_get()
          ^^^^^^^^^^^^^^
  File "/home/airflow/.local/lib/python3.12/site-packages/sqlalchemy/pool/impl.py", line 145, in _do_get
    with util.safe_reraise():
  File "/home/airflow/.local/lib/python3.12/site-packages/sqlalchemy/util/langhelpers.py", line 70, in __exit__
    compat.raise_(
  File "/home/airflow/.local/lib/python3.12/site-packages/sqlalchemy/util/compat.py", line 211, in raise_
    raise exception
  File "/home/airflow/.local/lib/python3.12/site-packages/sqlalchemy/pool/impl.py", line 143, in _do_get
    return self._create_connection()
           ^^^^^^^^^^^^^^^^^^^^^^^^^
  File "/home/airflow/.local/lib/python3.12/site-packages/sqlalchemy/pool/base.py", line 273, in _create_connection
    return _ConnectionRecord(self)
           ^^^^^^^^^^^^^^^^^^^^^^^
  File "/home/airflow/.local/lib/python3.12/site-packages/sqlalchemy/pool/base.py", line 388, in __init__
    self.__connect()
  File "/home/airflow/.local/lib/python3.12/site-packages/sqlalchemy/pool/base.py", line 690, in __connect
    with util.safe_reraise():
  File "/home/airflow/.local/lib/python3.12/site-packages/sqlalchemy/util/langhelpers.py", line 70, in __exit__
    compat.raise_(
  File "/home/airflow/.local/lib/python3.12/site-packages/sqlalchemy/util/compat.py", line 211, in raise_
    raise exception
  File "/home/airflow/.local/lib/python3.12/site-packages/sqlalchemy/pool/base.py", line 686, in __connect
    self.dbapi_connection = connection = pool._invoke_creator(self)
                                         ^^^^^^^^^^^^^^^^^^^^^^^^^^
  File "/home/airflow/.local/lib/python3.12/site-packages/sqlalchemy/engine/create.py", line 574, in connect
    return dialect.connect(*cargs, **cparams)
           ^^^^^^^^^^^^^^^^^^^^^^^^^^^^^^^^^^
  File "/home/airflow/.local/lib/python3.12/site-packages/sqlalchemy/engine/default.py", line 598, in connect
    return self.dbapi.connect(*cargs, **cparams)
           ^^^^^^^^^^^^^^^^^^^^^^^^^^^^^^^^^^^^^
  File "/home/airflow/.local/lib/python3.12/site-packages/psycopg2/__init__.py", line 122, in connect
    conn = _connect(dsn, connection_factory=connection_factory, **kwasync)
           ^^^^^^^^^^^^^^^^^^^^^^^^^^^^^^^^^^^^^^^^^^^^^^^^^^^^^^^^^^^^^^^
sqlalchemy.exc.OperationalError: (psycopg2.OperationalError) could not translate host name "postgres" to address: Temporary failure in name resolution

(Background on this error at: https://sqlalche.me/e/14/e3q8)
[2024-04-19T08:52:28.665+0000] {processor.py:161} INFO - Started process (PID=130) to work on /opt/airflow/dags/custom_operator/collect_data_fruits_operator.py
[2024-04-19T08:52:28.669+0000] {processor.py:830} INFO - Processing file /opt/airflow/dags/custom_operator/collect_data_fruits_operator.py for tasks to queue
[2024-04-19T08:52:28.681+0000] {logging_mixin.py:188} INFO - [2024-04-19T08:52:28.679+0000] {dagbag.py:540} INFO - Filling up the DagBag from /opt/airflow/dags/custom_operator/collect_data_fruits_operator.py
[2024-04-19T08:52:28.712+0000] {processor.py:842} WARNING - No viable dags retrieved from /opt/airflow/dags/custom_operator/collect_data_fruits_operator.py
[2024-04-19T08:52:28.750+0000] {processor.py:183} INFO - Processing /opt/airflow/dags/custom_operator/collect_data_fruits_operator.py took 0.118 seconds
[2024-04-19T08:52:59.116+0000] {processor.py:161} INFO - Started process (PID=142) to work on /opt/airflow/dags/custom_operator/collect_data_fruits_operator.py
[2024-04-19T08:52:59.118+0000] {processor.py:830} INFO - Processing file /opt/airflow/dags/custom_operator/collect_data_fruits_operator.py for tasks to queue
[2024-04-19T08:52:59.124+0000] {logging_mixin.py:188} INFO - [2024-04-19T08:52:59.123+0000] {dagbag.py:540} INFO - Filling up the DagBag from /opt/airflow/dags/custom_operator/collect_data_fruits_operator.py
[2024-04-19T08:52:59.140+0000] {processor.py:842} WARNING - No viable dags retrieved from /opt/airflow/dags/custom_operator/collect_data_fruits_operator.py
[2024-04-19T08:52:59.160+0000] {processor.py:183} INFO - Processing /opt/airflow/dags/custom_operator/collect_data_fruits_operator.py took 0.050 seconds
[2024-04-19T08:54:41.288+0000] {processor.py:161} INFO - Started process (PID=37) to work on /opt/airflow/dags/custom_operator/collect_data_fruits_operator.py
[2024-04-19T08:54:41.295+0000] {processor.py:830} INFO - Processing file /opt/airflow/dags/custom_operator/collect_data_fruits_operator.py for tasks to queue
[2024-04-19T08:54:41.314+0000] {logging_mixin.py:188} INFO - [2024-04-19T08:54:41.313+0000] {dagbag.py:540} INFO - Filling up the DagBag from /opt/airflow/dags/custom_operator/collect_data_fruits_operator.py
[2024-04-19T08:54:41.642+0000] {processor.py:842} WARNING - No viable dags retrieved from /opt/airflow/dags/custom_operator/collect_data_fruits_operator.py
[2024-04-19T08:54:42.002+0000] {processor.py:183} INFO - Processing /opt/airflow/dags/custom_operator/collect_data_fruits_operator.py took 0.738 seconds
[2024-04-19T08:55:13.254+0000] {processor.py:161} INFO - Started process (PID=48) to work on /opt/airflow/dags/custom_operator/collect_data_fruits_operator.py
[2024-04-19T08:55:13.265+0000] {processor.py:830} INFO - Processing file /opt/airflow/dags/custom_operator/collect_data_fruits_operator.py for tasks to queue
[2024-04-19T08:55:13.354+0000] {logging_mixin.py:188} INFO - [2024-04-19T08:55:13.343+0000] {dagbag.py:540} INFO - Filling up the DagBag from /opt/airflow/dags/custom_operator/collect_data_fruits_operator.py
[2024-04-19T08:55:13.439+0000] {processor.py:842} WARNING - No viable dags retrieved from /opt/airflow/dags/custom_operator/collect_data_fruits_operator.py
[2024-04-19T08:55:14.123+0000] {processor.py:183} INFO - Processing /opt/airflow/dags/custom_operator/collect_data_fruits_operator.py took 1.058 seconds
[2024-04-19T08:55:44.807+0000] {processor.py:161} INFO - Started process (PID=59) to work on /opt/airflow/dags/custom_operator/collect_data_fruits_operator.py
[2024-04-19T08:55:44.962+0000] {processor.py:830} INFO - Processing file /opt/airflow/dags/custom_operator/collect_data_fruits_operator.py for tasks to queue
[2024-04-19T08:55:44.965+0000] {logging_mixin.py:188} INFO - [2024-04-19T08:55:44.964+0000] {dagbag.py:540} INFO - Filling up the DagBag from /opt/airflow/dags/custom_operator/collect_data_fruits_operator.py
[2024-04-19T08:55:45.825+0000] {processor.py:842} WARNING - No viable dags retrieved from /opt/airflow/dags/custom_operator/collect_data_fruits_operator.py
[2024-04-19T08:55:45.955+0000] {processor.py:183} INFO - Processing /opt/airflow/dags/custom_operator/collect_data_fruits_operator.py took 1.154 seconds
[2024-04-19T08:56:17.379+0000] {processor.py:161} INFO - Started process (PID=79) to work on /opt/airflow/dags/custom_operator/collect_data_fruits_operator.py
[2024-04-19T08:56:17.449+0000] {processor.py:830} INFO - Processing file /opt/airflow/dags/custom_operator/collect_data_fruits_operator.py for tasks to queue
[2024-04-19T08:56:17.517+0000] {logging_mixin.py:188} INFO - [2024-04-19T08:56:17.513+0000] {dagbag.py:540} INFO - Filling up the DagBag from /opt/airflow/dags/custom_operator/collect_data_fruits_operator.py
[2024-04-19T08:56:17.770+0000] {processor.py:842} WARNING - No viable dags retrieved from /opt/airflow/dags/custom_operator/collect_data_fruits_operator.py
[2024-04-19T08:56:18.690+0000] {processor.py:183} INFO - Processing /opt/airflow/dags/custom_operator/collect_data_fruits_operator.py took 1.689 seconds
[2024-04-19T08:57:24.247+0000] {processor.py:161} INFO - Started process (PID=84) to work on /opt/airflow/dags/custom_operator/collect_data_fruits_operator.py
[2024-04-19T08:57:24.292+0000] {processor.py:830} INFO - Processing file /opt/airflow/dags/custom_operator/collect_data_fruits_operator.py for tasks to queue
[2024-04-19T08:57:24.373+0000] {logging_mixin.py:188} INFO - [2024-04-19T08:57:24.328+0000] {dagbag.py:540} INFO - Filling up the DagBag from /opt/airflow/dags/custom_operator/collect_data_fruits_operator.py
[2024-04-19T08:57:24.753+0000] {processor.py:842} WARNING - No viable dags retrieved from /opt/airflow/dags/custom_operator/collect_data_fruits_operator.py
[2024-04-19T08:57:35.330+0000] {processor.py:186} ERROR - Got an exception! Propagating...
Traceback (most recent call last):
  File "/home/airflow/.local/lib/python3.12/site-packages/sqlalchemy/engine/base.py", line 3371, in _wrap_pool_connect
    return fn()
           ^^^^
  File "/home/airflow/.local/lib/python3.12/site-packages/sqlalchemy/pool/base.py", line 327, in connect
    return _ConnectionFairy._checkout(self)
           ^^^^^^^^^^^^^^^^^^^^^^^^^^^^^^^^
  File "/home/airflow/.local/lib/python3.12/site-packages/sqlalchemy/pool/base.py", line 894, in _checkout
    fairy = _ConnectionRecord.checkout(pool)
            ^^^^^^^^^^^^^^^^^^^^^^^^^^^^^^^^
  File "/home/airflow/.local/lib/python3.12/site-packages/sqlalchemy/pool/base.py", line 493, in checkout
    rec = pool._do_get()
          ^^^^^^^^^^^^^^
  File "/home/airflow/.local/lib/python3.12/site-packages/sqlalchemy/pool/impl.py", line 145, in _do_get
    with util.safe_reraise():
  File "/home/airflow/.local/lib/python3.12/site-packages/sqlalchemy/util/langhelpers.py", line 70, in __exit__
    compat.raise_(
  File "/home/airflow/.local/lib/python3.12/site-packages/sqlalchemy/util/compat.py", line 211, in raise_
    raise exception
  File "/home/airflow/.local/lib/python3.12/site-packages/sqlalchemy/pool/impl.py", line 143, in _do_get
    return self._create_connection()
           ^^^^^^^^^^^^^^^^^^^^^^^^^
  File "/home/airflow/.local/lib/python3.12/site-packages/sqlalchemy/pool/base.py", line 273, in _create_connection
    return _ConnectionRecord(self)
           ^^^^^^^^^^^^^^^^^^^^^^^
  File "/home/airflow/.local/lib/python3.12/site-packages/sqlalchemy/pool/base.py", line 388, in __init__
    self.__connect()
  File "/home/airflow/.local/lib/python3.12/site-packages/sqlalchemy/pool/base.py", line 690, in __connect
    with util.safe_reraise():
  File "/home/airflow/.local/lib/python3.12/site-packages/sqlalchemy/util/langhelpers.py", line 70, in __exit__
    compat.raise_(
  File "/home/airflow/.local/lib/python3.12/site-packages/sqlalchemy/util/compat.py", line 211, in raise_
    raise exception
  File "/home/airflow/.local/lib/python3.12/site-packages/sqlalchemy/pool/base.py", line 686, in __connect
    self.dbapi_connection = connection = pool._invoke_creator(self)
                                         ^^^^^^^^^^^^^^^^^^^^^^^^^^
  File "/home/airflow/.local/lib/python3.12/site-packages/sqlalchemy/engine/create.py", line 574, in connect
    return dialect.connect(*cargs, **cparams)
           ^^^^^^^^^^^^^^^^^^^^^^^^^^^^^^^^^^
  File "/home/airflow/.local/lib/python3.12/site-packages/sqlalchemy/engine/default.py", line 598, in connect
    return self.dbapi.connect(*cargs, **cparams)
           ^^^^^^^^^^^^^^^^^^^^^^^^^^^^^^^^^^^^^
  File "/home/airflow/.local/lib/python3.12/site-packages/psycopg2/__init__.py", line 122, in connect
    conn = _connect(dsn, connection_factory=connection_factory, **kwasync)
           ^^^^^^^^^^^^^^^^^^^^^^^^^^^^^^^^^^^^^^^^^^^^^^^^^^^^^^^^^^^^^^^
psycopg2.OperationalError: could not translate host name "postgres" to address: Temporary failure in name resolution


The above exception was the direct cause of the following exception:

Traceback (most recent call last):
  File "/home/airflow/.local/lib/python3.12/site-packages/airflow/dag_processing/processor.py", line 182, in _run_file_processor
    _handle_dag_file_processing()
  File "/home/airflow/.local/lib/python3.12/site-packages/airflow/dag_processing/processor.py", line 163, in _handle_dag_file_processing
    result: tuple[int, int] = dag_file_processor.process_file(
                              ^^^^^^^^^^^^^^^^^^^^^^^^^^^^^^^^
  File "/home/airflow/.local/lib/python3.12/site-packages/airflow/utils/session.py", line 79, in wrapper
    return func(*args, session=session, **kwargs)
           ^^^^^^^^^^^^^^^^^^^^^^^^^^^^^^^^^^^^^^
  File "/home/airflow/.local/lib/python3.12/site-packages/airflow/dag_processing/processor.py", line 843, in process_file
    DagFileProcessor.update_import_errors(
  File "/home/airflow/.local/lib/python3.12/site-packages/airflow/api_internal/internal_api_call.py", line 115, in wrapper
    return func(*args, **kwargs)
           ^^^^^^^^^^^^^^^^^^^^^
  File "/home/airflow/.local/lib/python3.12/site-packages/airflow/utils/session.py", line 76, in wrapper
    return func(*args, **kwargs)
           ^^^^^^^^^^^^^^^^^^^^^
  File "/home/airflow/.local/lib/python3.12/site-packages/airflow/dag_processing/processor.py", line 615, in update_import_errors
    session.execute(
  File "/home/airflow/.local/lib/python3.12/site-packages/sqlalchemy/orm/session.py", line 1716, in execute
    conn = self._connection_for_bind(bind)
           ^^^^^^^^^^^^^^^^^^^^^^^^^^^^^^^
  File "/home/airflow/.local/lib/python3.12/site-packages/sqlalchemy/orm/session.py", line 1555, in _connection_for_bind
    return self._transaction._connection_for_bind(
           ^^^^^^^^^^^^^^^^^^^^^^^^^^^^^^^^^^^^^^^
  File "/home/airflow/.local/lib/python3.12/site-packages/sqlalchemy/orm/session.py", line 750, in _connection_for_bind
    conn = bind.connect()
           ^^^^^^^^^^^^^^
  File "/home/airflow/.local/lib/python3.12/site-packages/sqlalchemy/future/engine.py", line 412, in connect
    return super(Engine, self).connect()
           ^^^^^^^^^^^^^^^^^^^^^^^^^^^^^
  File "/home/airflow/.local/lib/python3.12/site-packages/sqlalchemy/engine/base.py", line 3325, in connect
    return self._connection_cls(self, close_with_result=close_with_result)
           ^^^^^^^^^^^^^^^^^^^^^^^^^^^^^^^^^^^^^^^^^^^^^^^^^^^^^^^^^^^^^^^
  File "/home/airflow/.local/lib/python3.12/site-packages/sqlalchemy/engine/base.py", line 96, in __init__
    else engine.raw_connection()
         ^^^^^^^^^^^^^^^^^^^^^^^
  File "/home/airflow/.local/lib/python3.12/site-packages/sqlalchemy/engine/base.py", line 3404, in raw_connection
    return self._wrap_pool_connect(self.pool.connect, _connection)
           ^^^^^^^^^^^^^^^^^^^^^^^^^^^^^^^^^^^^^^^^^^^^^^^^^^^^^^^
  File "/home/airflow/.local/lib/python3.12/site-packages/sqlalchemy/engine/base.py", line 3374, in _wrap_pool_connect
    Connection._handle_dbapi_exception_noconnection(
  File "/home/airflow/.local/lib/python3.12/site-packages/sqlalchemy/engine/base.py", line 2208, in _handle_dbapi_exception_noconnection
    util.raise_(
  File "/home/airflow/.local/lib/python3.12/site-packages/sqlalchemy/util/compat.py", line 211, in raise_
    raise exception
  File "/home/airflow/.local/lib/python3.12/site-packages/sqlalchemy/engine/base.py", line 3371, in _wrap_pool_connect
    return fn()
           ^^^^
  File "/home/airflow/.local/lib/python3.12/site-packages/sqlalchemy/pool/base.py", line 327, in connect
    return _ConnectionFairy._checkout(self)
           ^^^^^^^^^^^^^^^^^^^^^^^^^^^^^^^^
  File "/home/airflow/.local/lib/python3.12/site-packages/sqlalchemy/pool/base.py", line 894, in _checkout
    fairy = _ConnectionRecord.checkout(pool)
            ^^^^^^^^^^^^^^^^^^^^^^^^^^^^^^^^
  File "/home/airflow/.local/lib/python3.12/site-packages/sqlalchemy/pool/base.py", line 493, in checkout
    rec = pool._do_get()
          ^^^^^^^^^^^^^^
  File "/home/airflow/.local/lib/python3.12/site-packages/sqlalchemy/pool/impl.py", line 145, in _do_get
    with util.safe_reraise():
  File "/home/airflow/.local/lib/python3.12/site-packages/sqlalchemy/util/langhelpers.py", line 70, in __exit__
    compat.raise_(
  File "/home/airflow/.local/lib/python3.12/site-packages/sqlalchemy/util/compat.py", line 211, in raise_
    raise exception
  File "/home/airflow/.local/lib/python3.12/site-packages/sqlalchemy/pool/impl.py", line 143, in _do_get
    return self._create_connection()
           ^^^^^^^^^^^^^^^^^^^^^^^^^
  File "/home/airflow/.local/lib/python3.12/site-packages/sqlalchemy/pool/base.py", line 273, in _create_connection
    return _ConnectionRecord(self)
           ^^^^^^^^^^^^^^^^^^^^^^^
  File "/home/airflow/.local/lib/python3.12/site-packages/sqlalchemy/pool/base.py", line 388, in __init__
    self.__connect()
  File "/home/airflow/.local/lib/python3.12/site-packages/sqlalchemy/pool/base.py", line 690, in __connect
    with util.safe_reraise():
  File "/home/airflow/.local/lib/python3.12/site-packages/sqlalchemy/util/langhelpers.py", line 70, in __exit__
    compat.raise_(
  File "/home/airflow/.local/lib/python3.12/site-packages/sqlalchemy/util/compat.py", line 211, in raise_
    raise exception
  File "/home/airflow/.local/lib/python3.12/site-packages/sqlalchemy/pool/base.py", line 686, in __connect
    self.dbapi_connection = connection = pool._invoke_creator(self)
                                         ^^^^^^^^^^^^^^^^^^^^^^^^^^
  File "/home/airflow/.local/lib/python3.12/site-packages/sqlalchemy/engine/create.py", line 574, in connect
    return dialect.connect(*cargs, **cparams)
           ^^^^^^^^^^^^^^^^^^^^^^^^^^^^^^^^^^
  File "/home/airflow/.local/lib/python3.12/site-packages/sqlalchemy/engine/default.py", line 598, in connect
    return self.dbapi.connect(*cargs, **cparams)
           ^^^^^^^^^^^^^^^^^^^^^^^^^^^^^^^^^^^^^
  File "/home/airflow/.local/lib/python3.12/site-packages/psycopg2/__init__.py", line 122, in connect
    conn = _connect(dsn, connection_factory=connection_factory, **kwasync)
           ^^^^^^^^^^^^^^^^^^^^^^^^^^^^^^^^^^^^^^^^^^^^^^^^^^^^^^^^^^^^^^^
sqlalchemy.exc.OperationalError: (psycopg2.OperationalError) could not translate host name "postgres" to address: Temporary failure in name resolution

(Background on this error at: https://sqlalche.me/e/14/e3q8)
[2024-04-19T08:58:25.060+0000] {processor.py:161} INFO - Started process (PID=104) to work on /opt/airflow/dags/custom_operator/collect_data_fruits_operator.py
[2024-04-19T08:58:25.064+0000] {processor.py:830} INFO - Processing file /opt/airflow/dags/custom_operator/collect_data_fruits_operator.py for tasks to queue
[2024-04-19T08:58:25.066+0000] {logging_mixin.py:188} INFO - [2024-04-19T08:58:25.065+0000] {dagbag.py:540} INFO - Filling up the DagBag from /opt/airflow/dags/custom_operator/collect_data_fruits_operator.py
[2024-04-19T08:58:25.085+0000] {processor.py:842} WARNING - No viable dags retrieved from /opt/airflow/dags/custom_operator/collect_data_fruits_operator.py
[2024-04-19T08:58:25.102+0000] {processor.py:183} INFO - Processing /opt/airflow/dags/custom_operator/collect_data_fruits_operator.py took 0.055 seconds
[2024-04-19T09:03:37.305+0000] {processor.py:161} INFO - Started process (PID=31) to work on /opt/airflow/dags/custom_operator/collect_data_fruits_operator.py
[2024-04-19T09:03:37.310+0000] {processor.py:830} INFO - Processing file /opt/airflow/dags/custom_operator/collect_data_fruits_operator.py for tasks to queue
[2024-04-19T09:03:37.319+0000] {logging_mixin.py:188} INFO - [2024-04-19T09:03:37.318+0000] {dagbag.py:540} INFO - Filling up the DagBag from /opt/airflow/dags/custom_operator/collect_data_fruits_operator.py
[2024-04-19T09:03:37.417+0000] {processor.py:842} WARNING - No viable dags retrieved from /opt/airflow/dags/custom_operator/collect_data_fruits_operator.py
[2024-04-19T09:03:37.561+0000] {processor.py:183} INFO - Processing /opt/airflow/dags/custom_operator/collect_data_fruits_operator.py took 0.279 seconds
[2024-04-19T09:04:08.318+0000] {processor.py:161} INFO - Started process (PID=42) to work on /opt/airflow/dags/custom_operator/collect_data_fruits_operator.py
[2024-04-19T09:04:08.328+0000] {processor.py:830} INFO - Processing file /opt/airflow/dags/custom_operator/collect_data_fruits_operator.py for tasks to queue
[2024-04-19T09:04:08.386+0000] {logging_mixin.py:188} INFO - [2024-04-19T09:04:08.379+0000] {dagbag.py:540} INFO - Filling up the DagBag from /opt/airflow/dags/custom_operator/collect_data_fruits_operator.py
[2024-04-19T09:04:08.457+0000] {processor.py:842} WARNING - No viable dags retrieved from /opt/airflow/dags/custom_operator/collect_data_fruits_operator.py
[2024-04-19T09:04:08.589+0000] {processor.py:183} INFO - Processing /opt/airflow/dags/custom_operator/collect_data_fruits_operator.py took 0.581 seconds
[2024-04-19T09:04:39.335+0000] {processor.py:161} INFO - Started process (PID=55) to work on /opt/airflow/dags/custom_operator/collect_data_fruits_operator.py
[2024-04-19T09:04:39.336+0000] {processor.py:830} INFO - Processing file /opt/airflow/dags/custom_operator/collect_data_fruits_operator.py for tasks to queue
[2024-04-19T09:04:39.338+0000] {logging_mixin.py:188} INFO - [2024-04-19T09:04:39.338+0000] {dagbag.py:540} INFO - Filling up the DagBag from /opt/airflow/dags/custom_operator/collect_data_fruits_operator.py
[2024-04-19T09:04:39.351+0000] {processor.py:842} WARNING - No viable dags retrieved from /opt/airflow/dags/custom_operator/collect_data_fruits_operator.py
[2024-04-19T09:04:39.366+0000] {processor.py:183} INFO - Processing /opt/airflow/dags/custom_operator/collect_data_fruits_operator.py took 0.038 seconds
[2024-04-19T09:05:10.062+0000] {processor.py:161} INFO - Started process (PID=67) to work on /opt/airflow/dags/custom_operator/collect_data_fruits_operator.py
[2024-04-19T09:05:10.065+0000] {processor.py:830} INFO - Processing file /opt/airflow/dags/custom_operator/collect_data_fruits_operator.py for tasks to queue
[2024-04-19T09:05:10.075+0000] {logging_mixin.py:188} INFO - [2024-04-19T09:05:10.070+0000] {dagbag.py:540} INFO - Filling up the DagBag from /opt/airflow/dags/custom_operator/collect_data_fruits_operator.py
[2024-04-19T09:05:10.094+0000] {processor.py:842} WARNING - No viable dags retrieved from /opt/airflow/dags/custom_operator/collect_data_fruits_operator.py
[2024-04-19T09:05:10.118+0000] {processor.py:183} INFO - Processing /opt/airflow/dags/custom_operator/collect_data_fruits_operator.py took 0.071 seconds
[2024-04-19T09:05:40.646+0000] {processor.py:161} INFO - Started process (PID=79) to work on /opt/airflow/dags/custom_operator/collect_data_fruits_operator.py
[2024-04-19T09:05:40.653+0000] {processor.py:830} INFO - Processing file /opt/airflow/dags/custom_operator/collect_data_fruits_operator.py for tasks to queue
[2024-04-19T09:05:40.660+0000] {logging_mixin.py:188} INFO - [2024-04-19T09:05:40.659+0000] {dagbag.py:540} INFO - Filling up the DagBag from /opt/airflow/dags/custom_operator/collect_data_fruits_operator.py
[2024-04-19T09:05:40.701+0000] {processor.py:842} WARNING - No viable dags retrieved from /opt/airflow/dags/custom_operator/collect_data_fruits_operator.py
[2024-04-19T09:05:40.837+0000] {processor.py:183} INFO - Processing /opt/airflow/dags/custom_operator/collect_data_fruits_operator.py took 0.267 seconds
[2024-04-19T09:06:11.854+0000] {processor.py:161} INFO - Started process (PID=91) to work on /opt/airflow/dags/custom_operator/collect_data_fruits_operator.py
[2024-04-19T09:06:11.900+0000] {processor.py:830} INFO - Processing file /opt/airflow/dags/custom_operator/collect_data_fruits_operator.py for tasks to queue
[2024-04-19T09:06:11.943+0000] {logging_mixin.py:188} INFO - [2024-04-19T09:06:11.919+0000] {dagbag.py:540} INFO - Filling up the DagBag from /opt/airflow/dags/custom_operator/collect_data_fruits_operator.py
[2024-04-19T09:06:12.087+0000] {processor.py:842} WARNING - No viable dags retrieved from /opt/airflow/dags/custom_operator/collect_data_fruits_operator.py
[2024-04-19T09:06:22.536+0000] {processor.py:186} ERROR - Got an exception! Propagating...
Traceback (most recent call last):
  File "/home/airflow/.local/lib/python3.12/site-packages/sqlalchemy/engine/base.py", line 3371, in _wrap_pool_connect
    return fn()
           ^^^^
  File "/home/airflow/.local/lib/python3.12/site-packages/sqlalchemy/pool/base.py", line 327, in connect
    return _ConnectionFairy._checkout(self)
           ^^^^^^^^^^^^^^^^^^^^^^^^^^^^^^^^
  File "/home/airflow/.local/lib/python3.12/site-packages/sqlalchemy/pool/base.py", line 894, in _checkout
    fairy = _ConnectionRecord.checkout(pool)
            ^^^^^^^^^^^^^^^^^^^^^^^^^^^^^^^^
  File "/home/airflow/.local/lib/python3.12/site-packages/sqlalchemy/pool/base.py", line 493, in checkout
    rec = pool._do_get()
          ^^^^^^^^^^^^^^
  File "/home/airflow/.local/lib/python3.12/site-packages/sqlalchemy/pool/impl.py", line 145, in _do_get
    with util.safe_reraise():
  File "/home/airflow/.local/lib/python3.12/site-packages/sqlalchemy/util/langhelpers.py", line 70, in __exit__
    compat.raise_(
  File "/home/airflow/.local/lib/python3.12/site-packages/sqlalchemy/util/compat.py", line 211, in raise_
    raise exception
  File "/home/airflow/.local/lib/python3.12/site-packages/sqlalchemy/pool/impl.py", line 143, in _do_get
    return self._create_connection()
           ^^^^^^^^^^^^^^^^^^^^^^^^^
  File "/home/airflow/.local/lib/python3.12/site-packages/sqlalchemy/pool/base.py", line 273, in _create_connection
    return _ConnectionRecord(self)
           ^^^^^^^^^^^^^^^^^^^^^^^
  File "/home/airflow/.local/lib/python3.12/site-packages/sqlalchemy/pool/base.py", line 388, in __init__
    self.__connect()
  File "/home/airflow/.local/lib/python3.12/site-packages/sqlalchemy/pool/base.py", line 690, in __connect
    with util.safe_reraise():
  File "/home/airflow/.local/lib/python3.12/site-packages/sqlalchemy/util/langhelpers.py", line 70, in __exit__
    compat.raise_(
  File "/home/airflow/.local/lib/python3.12/site-packages/sqlalchemy/util/compat.py", line 211, in raise_
    raise exception
  File "/home/airflow/.local/lib/python3.12/site-packages/sqlalchemy/pool/base.py", line 686, in __connect
    self.dbapi_connection = connection = pool._invoke_creator(self)
                                         ^^^^^^^^^^^^^^^^^^^^^^^^^^
  File "/home/airflow/.local/lib/python3.12/site-packages/sqlalchemy/engine/create.py", line 574, in connect
    return dialect.connect(*cargs, **cparams)
           ^^^^^^^^^^^^^^^^^^^^^^^^^^^^^^^^^^
  File "/home/airflow/.local/lib/python3.12/site-packages/sqlalchemy/engine/default.py", line 598, in connect
    return self.dbapi.connect(*cargs, **cparams)
           ^^^^^^^^^^^^^^^^^^^^^^^^^^^^^^^^^^^^^
  File "/home/airflow/.local/lib/python3.12/site-packages/psycopg2/__init__.py", line 122, in connect
    conn = _connect(dsn, connection_factory=connection_factory, **kwasync)
           ^^^^^^^^^^^^^^^^^^^^^^^^^^^^^^^^^^^^^^^^^^^^^^^^^^^^^^^^^^^^^^^
psycopg2.OperationalError: could not translate host name "postgres" to address: Temporary failure in name resolution


The above exception was the direct cause of the following exception:

Traceback (most recent call last):
  File "/home/airflow/.local/lib/python3.12/site-packages/airflow/dag_processing/processor.py", line 182, in _run_file_processor
    _handle_dag_file_processing()
  File "/home/airflow/.local/lib/python3.12/site-packages/airflow/dag_processing/processor.py", line 163, in _handle_dag_file_processing
    result: tuple[int, int] = dag_file_processor.process_file(
                              ^^^^^^^^^^^^^^^^^^^^^^^^^^^^^^^^
  File "/home/airflow/.local/lib/python3.12/site-packages/airflow/utils/session.py", line 79, in wrapper
    return func(*args, session=session, **kwargs)
           ^^^^^^^^^^^^^^^^^^^^^^^^^^^^^^^^^^^^^^
  File "/home/airflow/.local/lib/python3.12/site-packages/airflow/dag_processing/processor.py", line 843, in process_file
    DagFileProcessor.update_import_errors(
  File "/home/airflow/.local/lib/python3.12/site-packages/airflow/api_internal/internal_api_call.py", line 115, in wrapper
    return func(*args, **kwargs)
           ^^^^^^^^^^^^^^^^^^^^^
  File "/home/airflow/.local/lib/python3.12/site-packages/airflow/utils/session.py", line 76, in wrapper
    return func(*args, **kwargs)
           ^^^^^^^^^^^^^^^^^^^^^
  File "/home/airflow/.local/lib/python3.12/site-packages/airflow/dag_processing/processor.py", line 615, in update_import_errors
    session.execute(
  File "/home/airflow/.local/lib/python3.12/site-packages/sqlalchemy/orm/session.py", line 1716, in execute
    conn = self._connection_for_bind(bind)
           ^^^^^^^^^^^^^^^^^^^^^^^^^^^^^^^
  File "/home/airflow/.local/lib/python3.12/site-packages/sqlalchemy/orm/session.py", line 1555, in _connection_for_bind
    return self._transaction._connection_for_bind(
           ^^^^^^^^^^^^^^^^^^^^^^^^^^^^^^^^^^^^^^^
  File "/home/airflow/.local/lib/python3.12/site-packages/sqlalchemy/orm/session.py", line 750, in _connection_for_bind
    conn = bind.connect()
           ^^^^^^^^^^^^^^
  File "/home/airflow/.local/lib/python3.12/site-packages/sqlalchemy/future/engine.py", line 412, in connect
    return super(Engine, self).connect()
           ^^^^^^^^^^^^^^^^^^^^^^^^^^^^^
  File "/home/airflow/.local/lib/python3.12/site-packages/sqlalchemy/engine/base.py", line 3325, in connect
    return self._connection_cls(self, close_with_result=close_with_result)
           ^^^^^^^^^^^^^^^^^^^^^^^^^^^^^^^^^^^^^^^^^^^^^^^^^^^^^^^^^^^^^^^
  File "/home/airflow/.local/lib/python3.12/site-packages/sqlalchemy/engine/base.py", line 96, in __init__
    else engine.raw_connection()
         ^^^^^^^^^^^^^^^^^^^^^^^
  File "/home/airflow/.local/lib/python3.12/site-packages/sqlalchemy/engine/base.py", line 3404, in raw_connection
    return self._wrap_pool_connect(self.pool.connect, _connection)
           ^^^^^^^^^^^^^^^^^^^^^^^^^^^^^^^^^^^^^^^^^^^^^^^^^^^^^^^
  File "/home/airflow/.local/lib/python3.12/site-packages/sqlalchemy/engine/base.py", line 3374, in _wrap_pool_connect
    Connection._handle_dbapi_exception_noconnection(
  File "/home/airflow/.local/lib/python3.12/site-packages/sqlalchemy/engine/base.py", line 2208, in _handle_dbapi_exception_noconnection
    util.raise_(
  File "/home/airflow/.local/lib/python3.12/site-packages/sqlalchemy/util/compat.py", line 211, in raise_
    raise exception
  File "/home/airflow/.local/lib/python3.12/site-packages/sqlalchemy/engine/base.py", line 3371, in _wrap_pool_connect
    return fn()
           ^^^^
  File "/home/airflow/.local/lib/python3.12/site-packages/sqlalchemy/pool/base.py", line 327, in connect
    return _ConnectionFairy._checkout(self)
           ^^^^^^^^^^^^^^^^^^^^^^^^^^^^^^^^
  File "/home/airflow/.local/lib/python3.12/site-packages/sqlalchemy/pool/base.py", line 894, in _checkout
    fairy = _ConnectionRecord.checkout(pool)
            ^^^^^^^^^^^^^^^^^^^^^^^^^^^^^^^^
  File "/home/airflow/.local/lib/python3.12/site-packages/sqlalchemy/pool/base.py", line 493, in checkout
    rec = pool._do_get()
          ^^^^^^^^^^^^^^
  File "/home/airflow/.local/lib/python3.12/site-packages/sqlalchemy/pool/impl.py", line 145, in _do_get
    with util.safe_reraise():
  File "/home/airflow/.local/lib/python3.12/site-packages/sqlalchemy/util/langhelpers.py", line 70, in __exit__
    compat.raise_(
  File "/home/airflow/.local/lib/python3.12/site-packages/sqlalchemy/util/compat.py", line 211, in raise_
    raise exception
  File "/home/airflow/.local/lib/python3.12/site-packages/sqlalchemy/pool/impl.py", line 143, in _do_get
    return self._create_connection()
           ^^^^^^^^^^^^^^^^^^^^^^^^^
  File "/home/airflow/.local/lib/python3.12/site-packages/sqlalchemy/pool/base.py", line 273, in _create_connection
    return _ConnectionRecord(self)
           ^^^^^^^^^^^^^^^^^^^^^^^
  File "/home/airflow/.local/lib/python3.12/site-packages/sqlalchemy/pool/base.py", line 388, in __init__
    self.__connect()
  File "/home/airflow/.local/lib/python3.12/site-packages/sqlalchemy/pool/base.py", line 690, in __connect
    with util.safe_reraise():
  File "/home/airflow/.local/lib/python3.12/site-packages/sqlalchemy/util/langhelpers.py", line 70, in __exit__
    compat.raise_(
  File "/home/airflow/.local/lib/python3.12/site-packages/sqlalchemy/util/compat.py", line 211, in raise_
    raise exception
  File "/home/airflow/.local/lib/python3.12/site-packages/sqlalchemy/pool/base.py", line 686, in __connect
    self.dbapi_connection = connection = pool._invoke_creator(self)
                                         ^^^^^^^^^^^^^^^^^^^^^^^^^^
  File "/home/airflow/.local/lib/python3.12/site-packages/sqlalchemy/engine/create.py", line 574, in connect
    return dialect.connect(*cargs, **cparams)
           ^^^^^^^^^^^^^^^^^^^^^^^^^^^^^^^^^^
  File "/home/airflow/.local/lib/python3.12/site-packages/sqlalchemy/engine/default.py", line 598, in connect
    return self.dbapi.connect(*cargs, **cparams)
           ^^^^^^^^^^^^^^^^^^^^^^^^^^^^^^^^^^^^^
  File "/home/airflow/.local/lib/python3.12/site-packages/psycopg2/__init__.py", line 122, in connect
    conn = _connect(dsn, connection_factory=connection_factory, **kwasync)
           ^^^^^^^^^^^^^^^^^^^^^^^^^^^^^^^^^^^^^^^^^^^^^^^^^^^^^^^^^^^^^^^
sqlalchemy.exc.OperationalError: (psycopg2.OperationalError) could not translate host name "postgres" to address: Temporary failure in name resolution

(Background on this error at: https://sqlalche.me/e/14/e3q8)
[2024-04-19T09:07:05.959+0000] {processor.py:161} INFO - Started process (PID=101) to work on /opt/airflow/dags/custom_operator/collect_data_fruits_operator.py
[2024-04-19T09:07:05.963+0000] {processor.py:830} INFO - Processing file /opt/airflow/dags/custom_operator/collect_data_fruits_operator.py for tasks to queue
[2024-04-19T09:07:05.966+0000] {logging_mixin.py:188} INFO - [2024-04-19T09:07:05.964+0000] {dagbag.py:540} INFO - Filling up the DagBag from /opt/airflow/dags/custom_operator/collect_data_fruits_operator.py
[2024-04-19T09:07:06.027+0000] {processor.py:842} WARNING - No viable dags retrieved from /opt/airflow/dags/custom_operator/collect_data_fruits_operator.py
[2024-04-19T09:07:06.089+0000] {processor.py:183} INFO - Processing /opt/airflow/dags/custom_operator/collect_data_fruits_operator.py took 0.172 seconds
[2024-04-19T09:07:39.922+0000] {processor.py:161} INFO - Started process (PID=113) to work on /opt/airflow/dags/custom_operator/collect_data_fruits_operator.py
[2024-04-19T09:07:39.969+0000] {processor.py:830} INFO - Processing file /opt/airflow/dags/custom_operator/collect_data_fruits_operator.py for tasks to queue
[2024-04-19T09:07:40.009+0000] {logging_mixin.py:188} INFO - [2024-04-19T09:07:39.981+0000] {dagbag.py:540} INFO - Filling up the DagBag from /opt/airflow/dags/custom_operator/collect_data_fruits_operator.py
[2024-04-19T09:07:40.211+0000] {processor.py:842} WARNING - No viable dags retrieved from /opt/airflow/dags/custom_operator/collect_data_fruits_operator.py
[2024-04-19T09:07:40.979+0000] {processor.py:183} INFO - Processing /opt/airflow/dags/custom_operator/collect_data_fruits_operator.py took 1.384 seconds
[2024-04-19T09:08:11.751+0000] {processor.py:161} INFO - Started process (PID=123) to work on /opt/airflow/dags/custom_operator/collect_data_fruits_operator.py
[2024-04-19T09:08:11.775+0000] {processor.py:830} INFO - Processing file /opt/airflow/dags/custom_operator/collect_data_fruits_operator.py for tasks to queue
[2024-04-19T09:08:11.786+0000] {logging_mixin.py:188} INFO - [2024-04-19T09:08:11.783+0000] {dagbag.py:540} INFO - Filling up the DagBag from /opt/airflow/dags/custom_operator/collect_data_fruits_operator.py
[2024-04-19T09:08:11.828+0000] {processor.py:842} WARNING - No viable dags retrieved from /opt/airflow/dags/custom_operator/collect_data_fruits_operator.py
[2024-04-19T09:08:11.901+0000] {processor.py:183} INFO - Processing /opt/airflow/dags/custom_operator/collect_data_fruits_operator.py took 0.206 seconds
[2024-04-19T09:08:42.063+0000] {processor.py:161} INFO - Started process (PID=135) to work on /opt/airflow/dags/custom_operator/collect_data_fruits_operator.py
[2024-04-19T09:08:42.065+0000] {processor.py:830} INFO - Processing file /opt/airflow/dags/custom_operator/collect_data_fruits_operator.py for tasks to queue
[2024-04-19T09:08:42.066+0000] {logging_mixin.py:188} INFO - [2024-04-19T09:08:42.066+0000] {dagbag.py:540} INFO - Filling up the DagBag from /opt/airflow/dags/custom_operator/collect_data_fruits_operator.py
[2024-04-19T09:08:42.081+0000] {processor.py:842} WARNING - No viable dags retrieved from /opt/airflow/dags/custom_operator/collect_data_fruits_operator.py
[2024-04-19T09:08:42.100+0000] {processor.py:183} INFO - Processing /opt/airflow/dags/custom_operator/collect_data_fruits_operator.py took 0.054 seconds
[2024-04-19T09:09:12.316+0000] {processor.py:161} INFO - Started process (PID=146) to work on /opt/airflow/dags/custom_operator/collect_data_fruits_operator.py
[2024-04-19T09:09:12.318+0000] {processor.py:830} INFO - Processing file /opt/airflow/dags/custom_operator/collect_data_fruits_operator.py for tasks to queue
[2024-04-19T09:09:12.319+0000] {logging_mixin.py:188} INFO - [2024-04-19T09:09:12.318+0000] {dagbag.py:540} INFO - Filling up the DagBag from /opt/airflow/dags/custom_operator/collect_data_fruits_operator.py
[2024-04-19T09:09:12.332+0000] {processor.py:842} WARNING - No viable dags retrieved from /opt/airflow/dags/custom_operator/collect_data_fruits_operator.py
[2024-04-19T09:09:12.349+0000] {processor.py:183} INFO - Processing /opt/airflow/dags/custom_operator/collect_data_fruits_operator.py took 0.039 seconds
[2024-04-19T09:09:46.961+0000] {processor.py:161} INFO - Started process (PID=157) to work on /opt/airflow/dags/custom_operator/collect_data_fruits_operator.py
[2024-04-19T09:09:47.123+0000] {processor.py:830} INFO - Processing file /opt/airflow/dags/custom_operator/collect_data_fruits_operator.py for tasks to queue
[2024-04-19T09:09:47.125+0000] {logging_mixin.py:188} INFO - [2024-04-19T09:09:47.124+0000] {dagbag.py:540} INFO - Filling up the DagBag from /opt/airflow/dags/custom_operator/collect_data_fruits_operator.py
[2024-04-19T09:09:49.290+0000] {processor.py:842} WARNING - No viable dags retrieved from /opt/airflow/dags/custom_operator/collect_data_fruits_operator.py
[2024-04-19T09:09:50.242+0000] {processor.py:183} INFO - Processing /opt/airflow/dags/custom_operator/collect_data_fruits_operator.py took 3.286 seconds
[2024-04-19T09:10:21.116+0000] {processor.py:161} INFO - Started process (PID=169) to work on /opt/airflow/dags/custom_operator/collect_data_fruits_operator.py
[2024-04-19T09:10:21.120+0000] {processor.py:830} INFO - Processing file /opt/airflow/dags/custom_operator/collect_data_fruits_operator.py for tasks to queue
[2024-04-19T09:10:21.121+0000] {logging_mixin.py:188} INFO - [2024-04-19T09:10:21.121+0000] {dagbag.py:540} INFO - Filling up the DagBag from /opt/airflow/dags/custom_operator/collect_data_fruits_operator.py
[2024-04-19T09:10:21.144+0000] {processor.py:842} WARNING - No viable dags retrieved from /opt/airflow/dags/custom_operator/collect_data_fruits_operator.py
[2024-04-19T09:10:21.165+0000] {processor.py:183} INFO - Processing /opt/airflow/dags/custom_operator/collect_data_fruits_operator.py took 0.057 seconds
[2024-04-19T09:11:13.681+0000] {processor.py:161} INFO - Started process (PID=175) to work on /opt/airflow/dags/custom_operator/collect_data_fruits_operator.py
[2024-04-19T09:11:13.720+0000] {processor.py:830} INFO - Processing file /opt/airflow/dags/custom_operator/collect_data_fruits_operator.py for tasks to queue
[2024-04-19T09:11:13.776+0000] {logging_mixin.py:188} INFO - [2024-04-19T09:11:13.750+0000] {dagbag.py:540} INFO - Filling up the DagBag from /opt/airflow/dags/custom_operator/collect_data_fruits_operator.py
[2024-04-19T09:11:13.991+0000] {processor.py:842} WARNING - No viable dags retrieved from /opt/airflow/dags/custom_operator/collect_data_fruits_operator.py
[2024-04-19T09:11:14.394+0000] {processor.py:183} INFO - Processing /opt/airflow/dags/custom_operator/collect_data_fruits_operator.py took 0.884 seconds
[2024-04-19T09:11:44.956+0000] {processor.py:161} INFO - Started process (PID=189) to work on /opt/airflow/dags/custom_operator/collect_data_fruits_operator.py
[2024-04-19T09:11:44.977+0000] {processor.py:830} INFO - Processing file /opt/airflow/dags/custom_operator/collect_data_fruits_operator.py for tasks to queue
[2024-04-19T09:11:44.980+0000] {logging_mixin.py:188} INFO - [2024-04-19T09:11:44.979+0000] {dagbag.py:540} INFO - Filling up the DagBag from /opt/airflow/dags/custom_operator/collect_data_fruits_operator.py
[2024-04-19T09:11:45.204+0000] {processor.py:842} WARNING - No viable dags retrieved from /opt/airflow/dags/custom_operator/collect_data_fruits_operator.py
[2024-04-19T09:11:45.242+0000] {processor.py:183} INFO - Processing /opt/airflow/dags/custom_operator/collect_data_fruits_operator.py took 0.316 seconds
[2024-04-19T09:12:15.456+0000] {processor.py:161} INFO - Started process (PID=203) to work on /opt/airflow/dags/custom_operator/collect_data_fruits_operator.py
[2024-04-19T09:12:15.459+0000] {processor.py:830} INFO - Processing file /opt/airflow/dags/custom_operator/collect_data_fruits_operator.py for tasks to queue
[2024-04-19T09:12:15.461+0000] {logging_mixin.py:188} INFO - [2024-04-19T09:12:15.460+0000] {dagbag.py:540} INFO - Filling up the DagBag from /opt/airflow/dags/custom_operator/collect_data_fruits_operator.py
[2024-04-19T09:12:15.485+0000] {processor.py:842} WARNING - No viable dags retrieved from /opt/airflow/dags/custom_operator/collect_data_fruits_operator.py
[2024-04-19T09:12:15.502+0000] {processor.py:183} INFO - Processing /opt/airflow/dags/custom_operator/collect_data_fruits_operator.py took 0.055 seconds
[2024-04-19T09:12:45.979+0000] {processor.py:161} INFO - Started process (PID=223) to work on /opt/airflow/dags/custom_operator/collect_data_fruits_operator.py
[2024-04-19T09:12:45.981+0000] {processor.py:830} INFO - Processing file /opt/airflow/dags/custom_operator/collect_data_fruits_operator.py for tasks to queue
[2024-04-19T09:12:45.984+0000] {logging_mixin.py:188} INFO - [2024-04-19T09:12:45.982+0000] {dagbag.py:540} INFO - Filling up the DagBag from /opt/airflow/dags/custom_operator/collect_data_fruits_operator.py
[2024-04-19T09:12:46.003+0000] {processor.py:842} WARNING - No viable dags retrieved from /opt/airflow/dags/custom_operator/collect_data_fruits_operator.py
[2024-04-19T09:12:46.036+0000] {processor.py:183} INFO - Processing /opt/airflow/dags/custom_operator/collect_data_fruits_operator.py took 0.077 seconds
[2024-04-19T09:13:16.479+0000] {processor.py:161} INFO - Started process (PID=235) to work on /opt/airflow/dags/custom_operator/collect_data_fruits_operator.py
[2024-04-19T09:13:16.491+0000] {processor.py:830} INFO - Processing file /opt/airflow/dags/custom_operator/collect_data_fruits_operator.py for tasks to queue
[2024-04-19T09:13:16.495+0000] {logging_mixin.py:188} INFO - [2024-04-19T09:13:16.493+0000] {dagbag.py:540} INFO - Filling up the DagBag from /opt/airflow/dags/custom_operator/collect_data_fruits_operator.py
[2024-04-19T09:13:16.541+0000] {processor.py:842} WARNING - No viable dags retrieved from /opt/airflow/dags/custom_operator/collect_data_fruits_operator.py
[2024-04-19T09:13:16.625+0000] {processor.py:183} INFO - Processing /opt/airflow/dags/custom_operator/collect_data_fruits_operator.py took 0.233 seconds
[2024-04-19T09:13:47.355+0000] {processor.py:161} INFO - Started process (PID=240) to work on /opt/airflow/dags/custom_operator/collect_data_fruits_operator.py
[2024-04-19T09:13:47.361+0000] {processor.py:830} INFO - Processing file /opt/airflow/dags/custom_operator/collect_data_fruits_operator.py for tasks to queue
[2024-04-19T09:13:47.369+0000] {logging_mixin.py:188} INFO - [2024-04-19T09:13:47.364+0000] {dagbag.py:540} INFO - Filling up the DagBag from /opt/airflow/dags/custom_operator/collect_data_fruits_operator.py
[2024-04-19T09:13:47.423+0000] {processor.py:842} WARNING - No viable dags retrieved from /opt/airflow/dags/custom_operator/collect_data_fruits_operator.py
[2024-04-19T09:14:04.816+0000] {processor.py:186} ERROR - Got an exception! Propagating...
Traceback (most recent call last):
  File "/home/airflow/.local/lib/python3.12/site-packages/sqlalchemy/engine/base.py", line 3371, in _wrap_pool_connect
    return fn()
           ^^^^
  File "/home/airflow/.local/lib/python3.12/site-packages/sqlalchemy/pool/base.py", line 327, in connect
    return _ConnectionFairy._checkout(self)
           ^^^^^^^^^^^^^^^^^^^^^^^^^^^^^^^^
  File "/home/airflow/.local/lib/python3.12/site-packages/sqlalchemy/pool/base.py", line 894, in _checkout
    fairy = _ConnectionRecord.checkout(pool)
            ^^^^^^^^^^^^^^^^^^^^^^^^^^^^^^^^
  File "/home/airflow/.local/lib/python3.12/site-packages/sqlalchemy/pool/base.py", line 493, in checkout
    rec = pool._do_get()
          ^^^^^^^^^^^^^^
  File "/home/airflow/.local/lib/python3.12/site-packages/sqlalchemy/pool/impl.py", line 145, in _do_get
    with util.safe_reraise():
  File "/home/airflow/.local/lib/python3.12/site-packages/sqlalchemy/util/langhelpers.py", line 70, in __exit__
    compat.raise_(
  File "/home/airflow/.local/lib/python3.12/site-packages/sqlalchemy/util/compat.py", line 211, in raise_
    raise exception
  File "/home/airflow/.local/lib/python3.12/site-packages/sqlalchemy/pool/impl.py", line 143, in _do_get
    return self._create_connection()
           ^^^^^^^^^^^^^^^^^^^^^^^^^
  File "/home/airflow/.local/lib/python3.12/site-packages/sqlalchemy/pool/base.py", line 273, in _create_connection
    return _ConnectionRecord(self)
           ^^^^^^^^^^^^^^^^^^^^^^^
  File "/home/airflow/.local/lib/python3.12/site-packages/sqlalchemy/pool/base.py", line 388, in __init__
    self.__connect()
  File "/home/airflow/.local/lib/python3.12/site-packages/sqlalchemy/pool/base.py", line 690, in __connect
    with util.safe_reraise():
  File "/home/airflow/.local/lib/python3.12/site-packages/sqlalchemy/util/langhelpers.py", line 70, in __exit__
    compat.raise_(
  File "/home/airflow/.local/lib/python3.12/site-packages/sqlalchemy/util/compat.py", line 211, in raise_
    raise exception
  File "/home/airflow/.local/lib/python3.12/site-packages/sqlalchemy/pool/base.py", line 686, in __connect
    self.dbapi_connection = connection = pool._invoke_creator(self)
                                         ^^^^^^^^^^^^^^^^^^^^^^^^^^
  File "/home/airflow/.local/lib/python3.12/site-packages/sqlalchemy/engine/create.py", line 574, in connect
    return dialect.connect(*cargs, **cparams)
           ^^^^^^^^^^^^^^^^^^^^^^^^^^^^^^^^^^
  File "/home/airflow/.local/lib/python3.12/site-packages/sqlalchemy/engine/default.py", line 598, in connect
    return self.dbapi.connect(*cargs, **cparams)
           ^^^^^^^^^^^^^^^^^^^^^^^^^^^^^^^^^^^^^
  File "/home/airflow/.local/lib/python3.12/site-packages/psycopg2/__init__.py", line 122, in connect
    conn = _connect(dsn, connection_factory=connection_factory, **kwasync)
           ^^^^^^^^^^^^^^^^^^^^^^^^^^^^^^^^^^^^^^^^^^^^^^^^^^^^^^^^^^^^^^^
psycopg2.OperationalError: could not translate host name "postgres" to address: Temporary failure in name resolution


The above exception was the direct cause of the following exception:

Traceback (most recent call last):
  File "/home/airflow/.local/lib/python3.12/site-packages/airflow/dag_processing/processor.py", line 182, in _run_file_processor
    _handle_dag_file_processing()
  File "/home/airflow/.local/lib/python3.12/site-packages/airflow/dag_processing/processor.py", line 163, in _handle_dag_file_processing
    result: tuple[int, int] = dag_file_processor.process_file(
                              ^^^^^^^^^^^^^^^^^^^^^^^^^^^^^^^^
  File "/home/airflow/.local/lib/python3.12/site-packages/airflow/utils/session.py", line 79, in wrapper
    return func(*args, session=session, **kwargs)
           ^^^^^^^^^^^^^^^^^^^^^^^^^^^^^^^^^^^^^^
  File "/home/airflow/.local/lib/python3.12/site-packages/airflow/dag_processing/processor.py", line 843, in process_file
    DagFileProcessor.update_import_errors(
  File "/home/airflow/.local/lib/python3.12/site-packages/airflow/api_internal/internal_api_call.py", line 115, in wrapper
    return func(*args, **kwargs)
           ^^^^^^^^^^^^^^^^^^^^^
  File "/home/airflow/.local/lib/python3.12/site-packages/airflow/utils/session.py", line 76, in wrapper
    return func(*args, **kwargs)
           ^^^^^^^^^^^^^^^^^^^^^
  File "/home/airflow/.local/lib/python3.12/site-packages/airflow/dag_processing/processor.py", line 615, in update_import_errors
    session.execute(
  File "/home/airflow/.local/lib/python3.12/site-packages/sqlalchemy/orm/session.py", line 1716, in execute
    conn = self._connection_for_bind(bind)
           ^^^^^^^^^^^^^^^^^^^^^^^^^^^^^^^
  File "/home/airflow/.local/lib/python3.12/site-packages/sqlalchemy/orm/session.py", line 1555, in _connection_for_bind
    return self._transaction._connection_for_bind(
           ^^^^^^^^^^^^^^^^^^^^^^^^^^^^^^^^^^^^^^^
  File "/home/airflow/.local/lib/python3.12/site-packages/sqlalchemy/orm/session.py", line 750, in _connection_for_bind
    conn = bind.connect()
           ^^^^^^^^^^^^^^
  File "/home/airflow/.local/lib/python3.12/site-packages/sqlalchemy/future/engine.py", line 412, in connect
    return super(Engine, self).connect()
           ^^^^^^^^^^^^^^^^^^^^^^^^^^^^^
  File "/home/airflow/.local/lib/python3.12/site-packages/sqlalchemy/engine/base.py", line 3325, in connect
    return self._connection_cls(self, close_with_result=close_with_result)
           ^^^^^^^^^^^^^^^^^^^^^^^^^^^^^^^^^^^^^^^^^^^^^^^^^^^^^^^^^^^^^^^
  File "/home/airflow/.local/lib/python3.12/site-packages/sqlalchemy/engine/base.py", line 96, in __init__
    else engine.raw_connection()
         ^^^^^^^^^^^^^^^^^^^^^^^
  File "/home/airflow/.local/lib/python3.12/site-packages/sqlalchemy/engine/base.py", line 3404, in raw_connection
    return self._wrap_pool_connect(self.pool.connect, _connection)
           ^^^^^^^^^^^^^^^^^^^^^^^^^^^^^^^^^^^^^^^^^^^^^^^^^^^^^^^
  File "/home/airflow/.local/lib/python3.12/site-packages/sqlalchemy/engine/base.py", line 3374, in _wrap_pool_connect
    Connection._handle_dbapi_exception_noconnection(
  File "/home/airflow/.local/lib/python3.12/site-packages/sqlalchemy/engine/base.py", line 2208, in _handle_dbapi_exception_noconnection
    util.raise_(
  File "/home/airflow/.local/lib/python3.12/site-packages/sqlalchemy/util/compat.py", line 211, in raise_
    raise exception
  File "/home/airflow/.local/lib/python3.12/site-packages/sqlalchemy/engine/base.py", line 3371, in _wrap_pool_connect
    return fn()
           ^^^^
  File "/home/airflow/.local/lib/python3.12/site-packages/sqlalchemy/pool/base.py", line 327, in connect
    return _ConnectionFairy._checkout(self)
           ^^^^^^^^^^^^^^^^^^^^^^^^^^^^^^^^
  File "/home/airflow/.local/lib/python3.12/site-packages/sqlalchemy/pool/base.py", line 894, in _checkout
    fairy = _ConnectionRecord.checkout(pool)
            ^^^^^^^^^^^^^^^^^^^^^^^^^^^^^^^^
  File "/home/airflow/.local/lib/python3.12/site-packages/sqlalchemy/pool/base.py", line 493, in checkout
    rec = pool._do_get()
          ^^^^^^^^^^^^^^
  File "/home/airflow/.local/lib/python3.12/site-packages/sqlalchemy/pool/impl.py", line 145, in _do_get
    with util.safe_reraise():
  File "/home/airflow/.local/lib/python3.12/site-packages/sqlalchemy/util/langhelpers.py", line 70, in __exit__
    compat.raise_(
  File "/home/airflow/.local/lib/python3.12/site-packages/sqlalchemy/util/compat.py", line 211, in raise_
    raise exception
  File "/home/airflow/.local/lib/python3.12/site-packages/sqlalchemy/pool/impl.py", line 143, in _do_get
    return self._create_connection()
           ^^^^^^^^^^^^^^^^^^^^^^^^^
  File "/home/airflow/.local/lib/python3.12/site-packages/sqlalchemy/pool/base.py", line 273, in _create_connection
    return _ConnectionRecord(self)
           ^^^^^^^^^^^^^^^^^^^^^^^
  File "/home/airflow/.local/lib/python3.12/site-packages/sqlalchemy/pool/base.py", line 388, in __init__
    self.__connect()
  File "/home/airflow/.local/lib/python3.12/site-packages/sqlalchemy/pool/base.py", line 690, in __connect
    with util.safe_reraise():
  File "/home/airflow/.local/lib/python3.12/site-packages/sqlalchemy/util/langhelpers.py", line 70, in __exit__
    compat.raise_(
  File "/home/airflow/.local/lib/python3.12/site-packages/sqlalchemy/util/compat.py", line 211, in raise_
    raise exception
  File "/home/airflow/.local/lib/python3.12/site-packages/sqlalchemy/pool/base.py", line 686, in __connect
    self.dbapi_connection = connection = pool._invoke_creator(self)
                                         ^^^^^^^^^^^^^^^^^^^^^^^^^^
  File "/home/airflow/.local/lib/python3.12/site-packages/sqlalchemy/engine/create.py", line 574, in connect
    return dialect.connect(*cargs, **cparams)
           ^^^^^^^^^^^^^^^^^^^^^^^^^^^^^^^^^^
  File "/home/airflow/.local/lib/python3.12/site-packages/sqlalchemy/engine/default.py", line 598, in connect
    return self.dbapi.connect(*cargs, **cparams)
           ^^^^^^^^^^^^^^^^^^^^^^^^^^^^^^^^^^^^^
  File "/home/airflow/.local/lib/python3.12/site-packages/psycopg2/__init__.py", line 122, in connect
    conn = _connect(dsn, connection_factory=connection_factory, **kwasync)
           ^^^^^^^^^^^^^^^^^^^^^^^^^^^^^^^^^^^^^^^^^^^^^^^^^^^^^^^^^^^^^^^
sqlalchemy.exc.OperationalError: (psycopg2.OperationalError) could not translate host name "postgres" to address: Temporary failure in name resolution

(Background on this error at: https://sqlalche.me/e/14/e3q8)
[2024-04-19T09:16:32.408+0000] {processor.py:161} INFO - Started process (PID=246) to work on /opt/airflow/dags/custom_operator/collect_data_fruits_operator.py
[2024-04-19T09:16:32.507+0000] {processor.py:830} INFO - Processing file /opt/airflow/dags/custom_operator/collect_data_fruits_operator.py for tasks to queue
[2024-04-19T09:16:34.386+0000] {logging_mixin.py:188} INFO - [2024-04-19T09:16:34.271+0000] {dagbag.py:540} INFO - Filling up the DagBag from /opt/airflow/dags/custom_operator/collect_data_fruits_operator.py
[2024-04-19T09:17:04.676+0000] {processor.py:161} INFO - Started process (PID=256) to work on /opt/airflow/dags/custom_operator/collect_data_fruits_operator.py
[2024-04-19T09:17:04.696+0000] {processor.py:830} INFO - Processing file /opt/airflow/dags/custom_operator/collect_data_fruits_operator.py for tasks to queue
[2024-04-19T09:17:04.731+0000] {logging_mixin.py:188} INFO - [2024-04-19T09:17:04.708+0000] {dagbag.py:540} INFO - Filling up the DagBag from /opt/airflow/dags/custom_operator/collect_data_fruits_operator.py
[2024-04-19T09:17:04.873+0000] {processor.py:842} WARNING - No viable dags retrieved from /opt/airflow/dags/custom_operator/collect_data_fruits_operator.py
[2024-04-19T09:17:14.444+0000] {processor.py:183} INFO - Processing /opt/airflow/dags/custom_operator/collect_data_fruits_operator.py took 9.829 seconds
[2024-04-19T09:18:03.370+0000] {processor.py:161} INFO - Started process (PID=271) to work on /opt/airflow/dags/custom_operator/collect_data_fruits_operator.py
[2024-04-19T09:18:03.381+0000] {processor.py:830} INFO - Processing file /opt/airflow/dags/custom_operator/collect_data_fruits_operator.py for tasks to queue
[2024-04-19T09:18:03.405+0000] {logging_mixin.py:188} INFO - [2024-04-19T09:18:03.393+0000] {dagbag.py:540} INFO - Filling up the DagBag from /opt/airflow/dags/custom_operator/collect_data_fruits_operator.py
[2024-04-19T09:18:03.585+0000] {processor.py:842} WARNING - No viable dags retrieved from /opt/airflow/dags/custom_operator/collect_data_fruits_operator.py
[2024-04-19T09:18:13.902+0000] {processor.py:186} ERROR - Got an exception! Propagating...
Traceback (most recent call last):
  File "/home/airflow/.local/lib/python3.12/site-packages/sqlalchemy/engine/base.py", line 3371, in _wrap_pool_connect
    return fn()
           ^^^^
  File "/home/airflow/.local/lib/python3.12/site-packages/sqlalchemy/pool/base.py", line 327, in connect
    return _ConnectionFairy._checkout(self)
           ^^^^^^^^^^^^^^^^^^^^^^^^^^^^^^^^
  File "/home/airflow/.local/lib/python3.12/site-packages/sqlalchemy/pool/base.py", line 894, in _checkout
    fairy = _ConnectionRecord.checkout(pool)
            ^^^^^^^^^^^^^^^^^^^^^^^^^^^^^^^^
  File "/home/airflow/.local/lib/python3.12/site-packages/sqlalchemy/pool/base.py", line 493, in checkout
    rec = pool._do_get()
          ^^^^^^^^^^^^^^
  File "/home/airflow/.local/lib/python3.12/site-packages/sqlalchemy/pool/impl.py", line 145, in _do_get
    with util.safe_reraise():
  File "/home/airflow/.local/lib/python3.12/site-packages/sqlalchemy/util/langhelpers.py", line 70, in __exit__
    compat.raise_(
  File "/home/airflow/.local/lib/python3.12/site-packages/sqlalchemy/util/compat.py", line 211, in raise_
    raise exception
  File "/home/airflow/.local/lib/python3.12/site-packages/sqlalchemy/pool/impl.py", line 143, in _do_get
    return self._create_connection()
           ^^^^^^^^^^^^^^^^^^^^^^^^^
  File "/home/airflow/.local/lib/python3.12/site-packages/sqlalchemy/pool/base.py", line 273, in _create_connection
    return _ConnectionRecord(self)
           ^^^^^^^^^^^^^^^^^^^^^^^
  File "/home/airflow/.local/lib/python3.12/site-packages/sqlalchemy/pool/base.py", line 388, in __init__
    self.__connect()
  File "/home/airflow/.local/lib/python3.12/site-packages/sqlalchemy/pool/base.py", line 690, in __connect
    with util.safe_reraise():
  File "/home/airflow/.local/lib/python3.12/site-packages/sqlalchemy/util/langhelpers.py", line 70, in __exit__
    compat.raise_(
  File "/home/airflow/.local/lib/python3.12/site-packages/sqlalchemy/util/compat.py", line 211, in raise_
    raise exception
  File "/home/airflow/.local/lib/python3.12/site-packages/sqlalchemy/pool/base.py", line 686, in __connect
    self.dbapi_connection = connection = pool._invoke_creator(self)
                                         ^^^^^^^^^^^^^^^^^^^^^^^^^^
  File "/home/airflow/.local/lib/python3.12/site-packages/sqlalchemy/engine/create.py", line 574, in connect
    return dialect.connect(*cargs, **cparams)
           ^^^^^^^^^^^^^^^^^^^^^^^^^^^^^^^^^^
  File "/home/airflow/.local/lib/python3.12/site-packages/sqlalchemy/engine/default.py", line 598, in connect
    return self.dbapi.connect(*cargs, **cparams)
           ^^^^^^^^^^^^^^^^^^^^^^^^^^^^^^^^^^^^^
  File "/home/airflow/.local/lib/python3.12/site-packages/psycopg2/__init__.py", line 122, in connect
    conn = _connect(dsn, connection_factory=connection_factory, **kwasync)
           ^^^^^^^^^^^^^^^^^^^^^^^^^^^^^^^^^^^^^^^^^^^^^^^^^^^^^^^^^^^^^^^
psycopg2.OperationalError: could not translate host name "postgres" to address: Temporary failure in name resolution


The above exception was the direct cause of the following exception:

Traceback (most recent call last):
  File "/home/airflow/.local/lib/python3.12/site-packages/airflow/dag_processing/processor.py", line 182, in _run_file_processor
    _handle_dag_file_processing()
  File "/home/airflow/.local/lib/python3.12/site-packages/airflow/dag_processing/processor.py", line 163, in _handle_dag_file_processing
    result: tuple[int, int] = dag_file_processor.process_file(
                              ^^^^^^^^^^^^^^^^^^^^^^^^^^^^^^^^
  File "/home/airflow/.local/lib/python3.12/site-packages/airflow/utils/session.py", line 79, in wrapper
    return func(*args, session=session, **kwargs)
           ^^^^^^^^^^^^^^^^^^^^^^^^^^^^^^^^^^^^^^
  File "/home/airflow/.local/lib/python3.12/site-packages/airflow/dag_processing/processor.py", line 843, in process_file
    DagFileProcessor.update_import_errors(
  File "/home/airflow/.local/lib/python3.12/site-packages/airflow/api_internal/internal_api_call.py", line 115, in wrapper
    return func(*args, **kwargs)
           ^^^^^^^^^^^^^^^^^^^^^
  File "/home/airflow/.local/lib/python3.12/site-packages/airflow/utils/session.py", line 76, in wrapper
    return func(*args, **kwargs)
           ^^^^^^^^^^^^^^^^^^^^^
  File "/home/airflow/.local/lib/python3.12/site-packages/airflow/dag_processing/processor.py", line 615, in update_import_errors
    session.execute(
  File "/home/airflow/.local/lib/python3.12/site-packages/sqlalchemy/orm/session.py", line 1716, in execute
    conn = self._connection_for_bind(bind)
           ^^^^^^^^^^^^^^^^^^^^^^^^^^^^^^^
  File "/home/airflow/.local/lib/python3.12/site-packages/sqlalchemy/orm/session.py", line 1555, in _connection_for_bind
    return self._transaction._connection_for_bind(
           ^^^^^^^^^^^^^^^^^^^^^^^^^^^^^^^^^^^^^^^
  File "/home/airflow/.local/lib/python3.12/site-packages/sqlalchemy/orm/session.py", line 750, in _connection_for_bind
    conn = bind.connect()
           ^^^^^^^^^^^^^^
  File "/home/airflow/.local/lib/python3.12/site-packages/sqlalchemy/future/engine.py", line 412, in connect
    return super(Engine, self).connect()
           ^^^^^^^^^^^^^^^^^^^^^^^^^^^^^
  File "/home/airflow/.local/lib/python3.12/site-packages/sqlalchemy/engine/base.py", line 3325, in connect
    return self._connection_cls(self, close_with_result=close_with_result)
           ^^^^^^^^^^^^^^^^^^^^^^^^^^^^^^^^^^^^^^^^^^^^^^^^^^^^^^^^^^^^^^^
  File "/home/airflow/.local/lib/python3.12/site-packages/sqlalchemy/engine/base.py", line 96, in __init__
    else engine.raw_connection()
         ^^^^^^^^^^^^^^^^^^^^^^^
  File "/home/airflow/.local/lib/python3.12/site-packages/sqlalchemy/engine/base.py", line 3404, in raw_connection
    return self._wrap_pool_connect(self.pool.connect, _connection)
           ^^^^^^^^^^^^^^^^^^^^^^^^^^^^^^^^^^^^^^^^^^^^^^^^^^^^^^^
  File "/home/airflow/.local/lib/python3.12/site-packages/sqlalchemy/engine/base.py", line 3374, in _wrap_pool_connect
    Connection._handle_dbapi_exception_noconnection(
  File "/home/airflow/.local/lib/python3.12/site-packages/sqlalchemy/engine/base.py", line 2208, in _handle_dbapi_exception_noconnection
    util.raise_(
  File "/home/airflow/.local/lib/python3.12/site-packages/sqlalchemy/util/compat.py", line 211, in raise_
    raise exception
  File "/home/airflow/.local/lib/python3.12/site-packages/sqlalchemy/engine/base.py", line 3371, in _wrap_pool_connect
    return fn()
           ^^^^
  File "/home/airflow/.local/lib/python3.12/site-packages/sqlalchemy/pool/base.py", line 327, in connect
    return _ConnectionFairy._checkout(self)
           ^^^^^^^^^^^^^^^^^^^^^^^^^^^^^^^^
  File "/home/airflow/.local/lib/python3.12/site-packages/sqlalchemy/pool/base.py", line 894, in _checkout
    fairy = _ConnectionRecord.checkout(pool)
            ^^^^^^^^^^^^^^^^^^^^^^^^^^^^^^^^
  File "/home/airflow/.local/lib/python3.12/site-packages/sqlalchemy/pool/base.py", line 493, in checkout
    rec = pool._do_get()
          ^^^^^^^^^^^^^^
  File "/home/airflow/.local/lib/python3.12/site-packages/sqlalchemy/pool/impl.py", line 145, in _do_get
    with util.safe_reraise():
  File "/home/airflow/.local/lib/python3.12/site-packages/sqlalchemy/util/langhelpers.py", line 70, in __exit__
    compat.raise_(
  File "/home/airflow/.local/lib/python3.12/site-packages/sqlalchemy/util/compat.py", line 211, in raise_
    raise exception
  File "/home/airflow/.local/lib/python3.12/site-packages/sqlalchemy/pool/impl.py", line 143, in _do_get
    return self._create_connection()
           ^^^^^^^^^^^^^^^^^^^^^^^^^
  File "/home/airflow/.local/lib/python3.12/site-packages/sqlalchemy/pool/base.py", line 273, in _create_connection
    return _ConnectionRecord(self)
           ^^^^^^^^^^^^^^^^^^^^^^^
  File "/home/airflow/.local/lib/python3.12/site-packages/sqlalchemy/pool/base.py", line 388, in __init__
    self.__connect()
  File "/home/airflow/.local/lib/python3.12/site-packages/sqlalchemy/pool/base.py", line 690, in __connect
    with util.safe_reraise():
  File "/home/airflow/.local/lib/python3.12/site-packages/sqlalchemy/util/langhelpers.py", line 70, in __exit__
    compat.raise_(
  File "/home/airflow/.local/lib/python3.12/site-packages/sqlalchemy/util/compat.py", line 211, in raise_
    raise exception
  File "/home/airflow/.local/lib/python3.12/site-packages/sqlalchemy/pool/base.py", line 686, in __connect
    self.dbapi_connection = connection = pool._invoke_creator(self)
                                         ^^^^^^^^^^^^^^^^^^^^^^^^^^
  File "/home/airflow/.local/lib/python3.12/site-packages/sqlalchemy/engine/create.py", line 574, in connect
    return dialect.connect(*cargs, **cparams)
           ^^^^^^^^^^^^^^^^^^^^^^^^^^^^^^^^^^
  File "/home/airflow/.local/lib/python3.12/site-packages/sqlalchemy/engine/default.py", line 598, in connect
    return self.dbapi.connect(*cargs, **cparams)
           ^^^^^^^^^^^^^^^^^^^^^^^^^^^^^^^^^^^^^
  File "/home/airflow/.local/lib/python3.12/site-packages/psycopg2/__init__.py", line 122, in connect
    conn = _connect(dsn, connection_factory=connection_factory, **kwasync)
           ^^^^^^^^^^^^^^^^^^^^^^^^^^^^^^^^^^^^^^^^^^^^^^^^^^^^^^^^^^^^^^^
sqlalchemy.exc.OperationalError: (psycopg2.OperationalError) could not translate host name "postgres" to address: Temporary failure in name resolution

(Background on this error at: https://sqlalche.me/e/14/e3q8)
